<?xml version="1.0" encoding="UTF-8"?>
<coverage generated="1635988378680" clover="3.2.0">
  <project timestamp="1635988378680" name="All files">
    <metrics statements="292" coveredstatements="236" conditionals="94" coveredconditionals="63" methods="129" coveredmethods="100" elements="515" coveredelements="399" complexity="0" loc="292" ncloc="292" packages="6" files="18" classes="18"/>
    <package name="src">
      <metrics statements="59" coveredstatements="52" conditionals="23" coveredconditionals="17" methods="21" coveredmethods="19"/>
      <file name="App.js" path="C:\Users\sandyliu\Desktop\hw4\src\App.js">
        <metrics statements="6" coveredstatements="4" conditionals="8" coveredconditionals="3" methods="6" coveredmethods="4"/>
        <line num="12" count="5" type="stmt"/>
        <line num="17" count="4" type="cond" truecount="2" falsecount="0"/>
        <line num="20" count="0" type="cond" truecount="0" falsecount="2"/>
        <line num="23" count="2" type="cond" truecount="1" falsecount="1"/>
        <line num="27" count="0" type="cond" truecount="0" falsecount="2"/>
        <line num="40" count="7" type="stmt"/>
      </file>
      <file name="actions.js" path="C:\Users\sandyliu\Desktop\hw4\src\actions.js">
        <metrics statements="22" coveredstatements="22" conditionals="0" coveredconditionals="0" methods="11" coveredmethods="11"/>
        <line num="1" count="11" type="stmt"/>
        <line num="2" count="11" type="stmt"/>
        <line num="3" count="11" type="stmt"/>
        <line num="4" count="11" type="stmt"/>
        <line num="5" count="11" type="stmt"/>
        <line num="6" count="11" type="stmt"/>
        <line num="7" count="11" type="stmt"/>
        <line num="8" count="11" type="stmt"/>
        <line num="9" count="11" type="stmt"/>
        <line num="10" count="11" type="stmt"/>
        <line num="11" count="11" type="stmt"/>
        <line num="13" count="2" type="stmt"/>
        <line num="16" count="1" type="stmt"/>
        <line num="19" count="7" type="stmt"/>
        <line num="22" count="10" type="stmt"/>
        <line num="25" count="18" type="stmt"/>
        <line num="28" count="1" type="stmt"/>
        <line num="31" count="5" type="stmt"/>
        <line num="35" count="6" type="stmt"/>
        <line num="39" count="1" type="stmt"/>
        <line num="42" count="22" type="stmt"/>
        <line num="45" count="3" type="stmt"/>
      </file>
      <file name="index.js" path="C:\Users\sandyliu\Desktop\hw4\src\index.js">
        <metrics statements="4" coveredstatements="0" conditionals="0" coveredconditionals="0" methods="0" coveredmethods="0"/>
        <line num="11" count="0" type="stmt"/>
        <line num="14" count="0" type="stmt"/>
        <line num="15" count="0" type="stmt"/>
        <line num="16" count="0" type="stmt"/>
      </file>
      <file name="reducers.js" path="C:\Users\sandyliu\Desktop\hw4\src\reducers.js">
        <metrics statements="27" coveredstatements="26" conditionals="15" coveredconditionals="14" methods="4" coveredmethods="4"/>
        <line num="13" count="11" type="stmt"/>
        <line num="31" count="98" type="cond" truecount="12" falsecount="0"/>
        <line num="33" count="3" type="stmt"/>
        <line num="35" count="22" type="stmt"/>
        <line num="37" count="1" type="stmt"/>
        <line num="38" count="1" type="stmt"/>
        <line num="39" count="1" type="stmt"/>
        <line num="40" count="1" type="stmt"/>
        <line num="41" count="1" type="cond" truecount="1" falsecount="1"/>
        <line num="42" count="1" type="stmt"/>
        <line num="43" count="1" type="stmt"/>
        <line num="46" count="1" type="stmt"/>
        <line num="47" count="1" type="stmt"/>
        <line num="49" count="5" type="stmt"/>
        <line num="51" count="6" type="stmt"/>
        <line num="52" count="0" type="stmt"/>
        <line num="54" count="1" type="stmt"/>
        <line num="55" count="2" type="stmt"/>
        <line num="56" count="1" type="stmt"/>
        <line num="58" count="1" type="stmt"/>
        <line num="60" count="2" type="stmt"/>
        <line num="62" count="9" type="stmt"/>
        <line num="64" count="10" type="stmt"/>
        <line num="66" count="18" type="stmt"/>
        <line num="68" count="20" type="stmt"/>
        <line num="72" count="1" type="stmt"/>
        <line num="73" count="1" type="stmt"/>
      </file>
    </package>
    <package name="src.components.article">
      <metrics statements="66" coveredstatements="58" conditionals="14" coveredconditionals="10" methods="22" coveredmethods="18"/>
      <file name="addArticle.js" path="C:\Users\sandyliu\Desktop\hw4\src\components\article\addArticle.js">
        <metrics statements="15" coveredstatements="14" conditionals="0" coveredconditionals="0" methods="9" coveredmethods="8"/>
        <line num="6" count="3" type="stmt"/>
        <line num="7" count="3" type="stmt"/>
        <line num="10" count="3" type="stmt"/>
        <line num="11" count="3" type="stmt"/>
        <line num="12" count="3" type="stmt"/>
        <line num="16" count="1" type="stmt"/>
        <line num="20" count="1" type="stmt"/>
        <line num="21" count="1" type="stmt"/>
        <line num="28" count="1" type="stmt"/>
        <line num="31" count="2" type="stmt"/>
        <line num="34" count="6" type="stmt"/>
        <line num="60" count="6" type="stmt"/>
        <line num="66" count="3" type="stmt"/>
        <line num="67" count="1" type="stmt"/>
        <line num="68" count="0" type="stmt"/>
      </file>
      <file name="article.js" path="C:\Users\sandyliu\Desktop\hw4\src\components\article\article.js">
        <metrics statements="2" coveredstatements="2" conditionals="0" coveredconditionals="0" methods="1" coveredmethods="1"/>
        <line num="6" count="1" type="stmt"/>
        <line num="7" count="3" type="stmt"/>
      </file>
      <file name="articlesView.js" path="C:\Users\sandyliu\Desktop\hw4\src\components\article\articlesView.js">
        <metrics statements="49" coveredstatements="42" conditionals="14" coveredconditionals="10" methods="12" coveredmethods="9"/>
        <line num="6" count="3" type="cond" truecount="2" falsecount="0"/>
        <line num="7" count="1" type="stmt"/>
        <line num="8" count="1" type="stmt"/>
        <line num="9" count="1" type="cond" truecount="1" falsecount="1"/>
        <line num="10" count="0" type="stmt"/>
        <line num="11" count="0" type="stmt"/>
        <line num="12" count="0" type="stmt"/>
        <line num="13" count="0" type="stmt"/>
        <line num="14" count="0" type="stmt"/>
        <line num="17" count="1" type="stmt"/>
        <line num="18" count="1" type="stmt"/>
        <line num="19" count="1" type="stmt"/>
        <line num="20" count="1" type="stmt"/>
        <line num="21" count="10" type="stmt"/>
        <line num="22" count="10" type="stmt"/>
        <line num="23" count="10" type="stmt"/>
        <line num="24" count="10" type="stmt"/>
        <line num="31" count="10" type="stmt"/>
        <line num="32" count="10" type="stmt"/>
        <line num="33" count="10" type="stmt"/>
        <line num="34" count="10" type="stmt"/>
        <line num="35" count="10" type="stmt"/>
        <line num="36" count="10" type="stmt"/>
        <line num="45" count="1" type="stmt"/>
        <line num="49" count="5" type="stmt"/>
        <line num="50" count="3" type="stmt"/>
        <line num="65" count="3" type="stmt"/>
        <line num="69" count="1" type="stmt"/>
        <line num="72" count="7" type="stmt"/>
        <line num="78" count="40" type="stmt"/>
        <line num="79" count="40" type="stmt"/>
        <line num="80" count="40" type="stmt"/>
        <line num="81" count="128" type="stmt"/>
        <line num="82" count="128" type="stmt"/>
        <line num="84" count="40" type="cond" truecount="2" falsecount="0"/>
        <line num="85" count="20" type="stmt"/>
        <line num="86" count="20" type="stmt"/>
        <line num="87" count="20" type="cond" truecount="1" falsecount="1"/>
        <line num="88" count="20" type="stmt"/>
        <line num="90" count="20" type="cond" truecount="1" falsecount="1"/>
        <line num="91" count="20" type="stmt"/>
        <line num="105" count="0" type="stmt"/>
        <line num="125" count="40" type="cond" truecount="2" falsecount="0"/>
        <line num="126" count="20" type="cond" truecount="1" falsecount="1"/>
        <line num="127" count="20" type="stmt"/>
        <line num="131" count="7" type="stmt"/>
        <line num="140" count="3" type="stmt"/>
        <line num="141" count="0" type="stmt"/>
        <line num="142" count="1" type="stmt"/>
      </file>
    </package>
    <package name="src.components.auth">
      <metrics statements="71" coveredstatements="58" conditionals="42" coveredconditionals="32" methods="34" coveredmethods="27"/>
      <file name="landing.js" path="C:\Users\sandyliu\Desktop\hw4\src\components\auth\landing.js">
        <metrics statements="13" coveredstatements="7" conditionals="4" coveredconditionals="2" methods="8" coveredmethods="4"/>
        <line num="10" count="4" type="stmt"/>
        <line num="11" count="4" type="stmt"/>
        <line num="12" count="4" type="stmt"/>
        <line num="13" count="4" type="cond" truecount="2" falsecount="2"/>
        <line num="14" count="0" type="stmt"/>
        <line num="15" count="0" type="stmt"/>
        <line num="20" count="4" type="stmt"/>
        <line num="41" count="4" type="stmt"/>
        <line num="47" count="4" type="stmt"/>
        <line num="48" count="0" type="stmt"/>
        <line num="49" count="0" type="stmt"/>
        <line num="50" count="0" type="stmt"/>
        <line num="51" count="0" type="stmt"/>
      </file>
      <file name="login.js" path="C:\Users\sandyliu\Desktop\hw4\src\components\auth\login.js">
        <metrics statements="23" coveredstatements="23" conditionals="14" coveredconditionals="13" methods="10" coveredmethods="10"/>
        <line num="6" count="7" type="stmt"/>
        <line num="8" count="7" type="stmt"/>
        <line num="9" count="7" type="stmt"/>
        <line num="10" count="7" type="stmt"/>
        <line num="12" count="7" type="stmt"/>
        <line num="14" count="3" type="cond" truecount="4" falsecount="0"/>
        <line num="15" count="1" type="stmt"/>
        <line num="16" count="2" type="cond" truecount="5" falsecount="1"/>
        <line num="17" count="2" type="stmt"/>
        <line num="18" count="4" type="cond" truecount="4" falsecount="0"/>
        <line num="20" count="1" type="stmt"/>
        <line num="21" count="1" type="stmt"/>
        <line num="22" count="1" type="stmt"/>
        <line num="23" count="1" type="stmt"/>
        <line num="26" count="2" type="stmt"/>
        <line num="30" count="3" type="stmt"/>
        <line num="34" count="3" type="stmt"/>
        <line num="38" count="17" type="stmt"/>
        <line num="43" count="2" type="stmt"/>
        <line num="68" count="10" type="stmt"/>
        <line num="75" count="7" type="stmt"/>
        <line num="76" count="1" type="stmt"/>
        <line num="77" count="1" type="stmt"/>
      </file>
      <file name="register.js" path="C:\Users\sandyliu\Desktop\hw4\src\components\auth\register.js">
        <metrics statements="35" coveredstatements="28" conditionals="24" coveredconditionals="17" methods="16" coveredmethods="13"/>
        <line num="8" count="7" type="stmt"/>
        <line num="10" count="7" type="stmt"/>
        <line num="11" count="7" type="stmt"/>
        <line num="12" count="7" type="stmt"/>
        <line num="13" count="7" type="stmt"/>
        <line num="14" count="7" type="stmt"/>
        <line num="15" count="7" type="stmt"/>
        <line num="16" count="7" type="stmt"/>
        <line num="17" count="7" type="stmt"/>
        <line num="18" count="7" type="stmt"/>
        <line num="21" count="3" type="stmt"/>
        <line num="25" count="3" type="stmt"/>
        <line num="29" count="3" type="stmt"/>
        <line num="33" count="3" type="stmt"/>
        <line num="37" count="2" type="stmt"/>
        <line num="41" count="3" type="stmt"/>
        <line num="45" count="3" type="stmt"/>
        <line num="48" count="7" type="stmt"/>
        <line num="50" count="3" type="cond" truecount="16" falsecount="0"/>
        <line num="57" count="2" type="stmt"/>
        <line num="59" count="2" type="stmt"/>
        <line num="60" count="1" type="cond" truecount="1" falsecount="1"/>
        <line num="61" count="1" type="stmt"/>
        <line num="62" count="1" type="stmt"/>
        <line num="64" count="0" type="cond" truecount="0" falsecount="2"/>
        <line num="65" count="0" type="stmt"/>
        <line num="66" count="0" type="cond" truecount="0" falsecount="2"/>
        <line num="67" count="0" type="stmt"/>
        <line num="68" count="0" type="cond" truecount="0" falsecount="2"/>
        <line num="69" count="0" type="stmt"/>
        <line num="70" count="0" type="stmt"/>
        <line num="72" count="30" type="stmt"/>
        <line num="76" count="2" type="stmt"/>
        <line num="113" count="4" type="stmt"/>
        <line num="119" count="4" type="stmt"/>
      </file>
    </package>
    <package name="src.components.main">
      <metrics statements="51" coveredstatements="45" conditionals="2" coveredconditionals="2" methods="27" coveredmethods="22"/>
      <file name="following.js" path="C:\Users\sandyliu\Desktop\hw4\src\components\main\following.js">
        <metrics statements="31" coveredstatements="29" conditionals="2" coveredconditionals="2" methods="15" coveredmethods="12"/>
        <line num="7" count="4" type="stmt"/>
        <line num="8" count="4" type="stmt"/>
        <line num="9" count="4" type="stmt"/>
        <line num="10" count="20" type="stmt"/>
        <line num="11" count="20" type="stmt"/>
        <line num="13" count="4" type="stmt"/>
        <line num="17" count="6" type="stmt"/>
        <line num="18" count="4" type="stmt"/>
        <line num="19" count="4" type="stmt"/>
        <line num="21" count="4" type="stmt"/>
        <line num="22" count="4" type="stmt"/>
        <line num="23" count="4" type="stmt"/>
        <line num="27" count="1" type="stmt"/>
        <line num="31" count="3" type="stmt"/>
        <line num="32" count="14" type="cond" truecount="2" falsecount="0"/>
        <line num="33" count="2" type="stmt"/>
        <line num="34" count="2" type="stmt"/>
        <line num="37" count="2" type="stmt"/>
        <line num="38" count="20" type="stmt"/>
        <line num="46" count="2" type="stmt"/>
        <line num="47" count="2" type="stmt"/>
        <line num="50" count="12" type="stmt"/>
        <line num="55" count="0" type="stmt"/>
        <line num="58" count="12" type="stmt"/>
        <line num="61" count="5" type="stmt"/>
        <line num="92" count="30" type="stmt"/>
        <line num="100" count="4" type="stmt"/>
        <line num="101" count="4" type="stmt"/>
        <line num="102" count="2" type="stmt"/>
        <line num="103" count="0" type="stmt"/>
        <line num="104" count="20" type="stmt"/>
      </file>
      <file name="headline.js" path="C:\Users\sandyliu\Desktop\hw4\src\components\main\headline.js">
        <metrics statements="10" coveredstatements="6" conditionals="0" coveredconditionals="0" methods="6" coveredmethods="4"/>
        <line num="6" count="2" type="stmt"/>
        <line num="7" count="2" type="stmt"/>
        <line num="8" count="0" type="stmt"/>
        <line num="9" count="0" type="stmt"/>
        <line num="10" count="0" type="stmt"/>
        <line num="13" count="2" type="stmt"/>
        <line num="19" count="2" type="stmt"/>
        <line num="30" count="4" type="stmt"/>
        <line num="35" count="2" type="stmt"/>
        <line num="36" count="0" type="stmt"/>
      </file>
      <file name="main.js" path="C:\Users\sandyliu\Desktop\hw4\src\components\main\main.js">
        <metrics statements="2" coveredstatements="2" conditionals="0" coveredconditionals="0" methods="1" coveredmethods="1"/>
        <line num="8" count="1" type="stmt"/>
        <line num="9" count="2" type="stmt"/>
      </file>
      <file name="navigation.js" path="C:\Users\sandyliu\Desktop\hw4\src\components\main\navigation.js">
        <metrics statements="8" coveredstatements="8" conditionals="0" coveredconditionals="0" methods="5" coveredmethods="5"/>
        <line num="7" count="4" type="stmt"/>
        <line num="8" count="1" type="stmt"/>
        <line num="9" count="1" type="stmt"/>
        <line num="10" count="1" type="stmt"/>
        <line num="13" count="5" type="stmt"/>
        <line num="34" count="7" type="stmt"/>
        <line num="40" count="4" type="stmt"/>
        <line num="41" count="1" type="stmt"/>
      </file>
    </package>
    <package name="src.components.profile">
      <metrics statements="23" coveredstatements="16" conditionals="9" coveredconditionals="0" methods="16" coveredmethods="13"/>
      <file name="myself.js" path="C:\Users\sandyliu\Desktop\hw4\src\components\profile\myself.js">
        <metrics statements="2" coveredstatements="2" conditionals="0" coveredconditionals="0" methods="1" coveredmethods="1"/>
        <line num="4" count="3" type="stmt"/>
        <line num="5" count="2" type="stmt"/>
      </file>
      <file name="profile.js" path="C:\Users\sandyliu\Desktop\hw4\src\components\profile\profile.js">
        <metrics statements="4" coveredstatements="3" conditionals="0" coveredconditionals="0" methods="4" coveredmethods="3"/>
        <line num="9" count="1" type="stmt"/>
        <line num="23" count="1" type="stmt"/>
        <line num="28" count="1" type="stmt"/>
        <line num="29" count="0" type="stmt"/>
      </file>
      <file name="profileForm.js" path="C:\Users\sandyliu\Desktop\hw4\src\components\profile\profileForm.js">
        <metrics statements="17" coveredstatements="11" conditionals="9" coveredconditionals="0" methods="11" coveredmethods="9"/>
        <line num="5" count="2" type="stmt"/>
        <line num="6" count="2" type="stmt"/>
        <line num="7" count="0" type="stmt"/>
        <line num="8" count="0" type="cond" truecount="0" falsecount="7"/>
        <line num="9" count="0" type="stmt"/>
        <line num="10" count="0" type="cond" truecount="0" falsecount="2"/>
        <line num="11" count="0" type="stmt"/>
        <line num="13" count="2" type="stmt"/>
        <line num="17" count="0" type="stmt"/>
        <line num="24" count="2" type="stmt"/>
        <line num="30" count="2" type="stmt"/>
        <line num="36" count="2" type="stmt"/>
        <line num="42" count="2" type="stmt"/>
        <line num="48" count="2" type="stmt"/>
        <line num="53" count="2" type="stmt"/>
        <line num="58" count="2" type="stmt"/>
        <line num="117" count="2" type="stmt"/>
      </file>
    </package>
    <package name="src.components.storage">
      <metrics statements="22" coveredstatements="7" conditionals="4" coveredconditionals="2" methods="9" coveredmethods="1"/>
      <file name="initFetch.js" path="C:\Users\sandyliu\Desktop\hw4\src\components\storage\initFetch.js">
        <metrics statements="22" coveredstatements="7" conditionals="4" coveredconditionals="2" methods="9" coveredmethods="1"/>
        <line num="3" count="4" type="stmt"/>
        <line num="4" count="4" type="stmt"/>
        <line num="5" count="4" type="stmt"/>
        <line num="6" count="4" type="cond" truecount="1" falsecount="1"/>
        <line num="7" count="4" type="stmt"/>
        <line num="8" count="0" type="stmt"/>
        <line num="10" count="0" type="stmt"/>
        <line num="11" count="0" type="stmt"/>
        <line num="12" count="0" type="stmt"/>
        <line num="25" count="0" type="stmt"/>
        <line num="27" count="0" type="stmt"/>
        <line num="28" count="0" type="stmt"/>
        <line num="33" count="0" type="stmt"/>
        <line num="36" count="4" type="cond" truecount="1" falsecount="1"/>
        <line num="38" count="4" type="stmt"/>
        <line num="39" count="0" type="stmt"/>
        <line num="41" count="0" type="stmt"/>
        <line num="42" count="0" type="stmt"/>
        <line num="46" count="0" type="stmt"/>
        <line num="50" count="0" type="stmt"/>
        <line num="51" count="0" type="stmt"/>
        <line num="52" count="0" type="stmt"/>
      </file>
    </package>
  </project>
</coverage>
