{"C:\\Users\\sandyliu\\Desktop\\hw4\\src\\App.js": {"path":"C:\\Users\\sandyliu\\Desktop\\hw4\\src\\App.js","statementMap":{"0":{"start":{"line":12,"column":8},"end":{"line":32,"column":9}},"1":{"start":{"line":17,"column":24},"end":{"line":17,"column":88}},"2":{"start":{"line":20,"column":24},"end":{"line":20,"column":86}},"3":{"start":{"line":23,"column":24},"end":{"line":23,"column":79}},"4":{"start":{"line":27,"column":24},"end":{"line":27,"column":83}},"5":{"start":{"line":40,"column":8},"end":{"line":42,"column":9}}},"fnMap":{"0":{"name":"(anonymous_0)","decl":{"start":{"line":11,"column":4},"end":{"line":11,"column":5}},"loc":{"start":{"line":11,"column":13},"end":{"line":33,"column":5}},"line":11},"1":{"name":"(anonymous_1)","decl":{"start":{"line":16,"column":52},"end":{"line":16,"column":53}},"loc":{"start":{"line":16,"column":57},"end":{"line":18,"column":21}},"line":16},"2":{"name":"(anonymous_2)","decl":{"start":{"line":19,"column":59},"end":{"line":19,"column":60}},"loc":{"start":{"line":19,"column":64},"end":{"line":21,"column":21}},"line":19},"3":{"name":"(anonymous_3)","decl":{"start":{"line":22,"column":56},"end":{"line":22,"column":57}},"loc":{"start":{"line":22,"column":61},"end":{"line":24,"column":21}},"line":22},"4":{"name":"(anonymous_4)","decl":{"start":{"line":26,"column":59},"end":{"line":26,"column":60}},"loc":{"start":{"line":26,"column":64},"end":{"line":28,"column":21}},"line":26},"5":{"name":"(anonymous_5)","decl":{"start":{"line":39,"column":4},"end":{"line":39,"column":5}},"loc":{"start":{"line":39,"column":12},"end":{"line":42,"column":10}},"line":39}},"branchMap":{"0":{"loc":{"start":{"line":17,"column":31},"end":{"line":17,"column":88}},"type":"cond-expr","locations":[{"start":{"line":17,"column":52},"end":{"line":17,"column":74}},{"start":{"line":17,"column":77},"end":{"line":17,"column":88}}],"line":17},"1":{"loc":{"start":{"line":20,"column":31},"end":{"line":20,"column":86}},"type":"cond-expr","locations":[{"start":{"line":20,"column":52},"end":{"line":20,"column":63}},{"start":{"line":20,"column":64},"end":{"line":20,"column":86}}],"line":20},"2":{"loc":{"start":{"line":23,"column":31},"end":{"line":23,"column":79}},"type":"cond-expr","locations":[{"start":{"line":23,"column":51},"end":{"line":23,"column":58}},{"start":{"line":23,"column":61},"end":{"line":23,"column":79}}],"line":23},"3":{"loc":{"start":{"line":27,"column":31},"end":{"line":27,"column":83}},"type":"cond-expr","locations":[{"start":{"line":27,"column":52},"end":{"line":27,"column":62}},{"start":{"line":27,"column":65},"end":{"line":27,"column":83}}],"line":27}},"s":{"0":5,"1":4,"2":0,"3":2,"4":0,"5":7},"f":{"0":5,"1":4,"2":0,"3":2,"4":0,"5":7},"b":{"0":[1,3],"1":[0,0],"2":[2,0],"3":[0,0]},"_coverageSchema":"1a1c01bbd47fc00a2c39e90264f33305004495a9","hash":"2a0fefb9be9046975aabcdbcec55d5cb0cef4f93"}
,"C:\\Users\\sandyliu\\Desktop\\hw4\\src\\actions.js": {"path":"C:\\Users\\sandyliu\\Desktop\\hw4\\src\\actions.js","statementMap":{"0":{"start":{"line":1,"column":23},"end":{"line":1,"column":34}},"1":{"start":{"line":2,"column":26},"end":{"line":2,"column":40}},"2":{"start":{"line":3,"column":22},"end":{"line":3,"column":32}},"3":{"start":{"line":4,"column":32},"end":{"line":4,"column":53}},"4":{"start":{"line":5,"column":25},"end":{"line":5,"column":36}},"5":{"start":{"line":6,"column":31},"end":{"line":6,"column":48}},"6":{"start":{"line":7,"column":29},"end":{"line":7,"column":46}},"7":{"start":{"line":8,"column":26},"end":{"line":8,"column":40}},"8":{"start":{"line":9,"column":29},"end":{"line":9,"column":46}},"9":{"start":{"line":10,"column":24},"end":{"line":10,"column":34}},"10":{"start":{"line":11,"column":25},"end":{"line":11,"column":38}},"11":{"start":{"line":13,"column":4},"end":{"line":13,"column":35}},"12":{"start":{"line":16,"column":4},"end":{"line":16,"column":44}},"13":{"start":{"line":19,"column":4},"end":{"line":19,"column":37}},"14":{"start":{"line":22,"column":4},"end":{"line":22,"column":32}},"15":{"start":{"line":25,"column":4},"end":{"line":25,"column":34}},"16":{"start":{"line":28,"column":4},"end":{"line":28,"column":30}},"17":{"start":{"line":31,"column":4},"end":{"line":31,"column":41}},"18":{"start":{"line":35,"column":4},"end":{"line":35,"column":37}},"19":{"start":{"line":39,"column":4},"end":{"line":39,"column":40}},"20":{"start":{"line":42,"column":4},"end":{"line":42,"column":33}},"21":{"start":{"line":45,"column":4},"end":{"line":45,"column":36}}},"fnMap":{"0":{"name":"getPosts","decl":{"start":{"line":12,"column":16},"end":{"line":12,"column":24}},"loc":{"start":{"line":12,"column":32},"end":{"line":14,"column":1}},"line":12},"1":{"name":"updateHeadline","decl":{"start":{"line":15,"column":16},"end":{"line":15,"column":30}},"loc":{"start":{"line":15,"column":41},"end":{"line":17,"column":1}},"line":15},"2":{"name":"changeStatus","decl":{"start":{"line":18,"column":16},"end":{"line":18,"column":28}},"loc":{"start":{"line":18,"column":31},"end":{"line":20,"column":1}},"line":18},"3":{"name":"getUsers","decl":{"start":{"line":21,"column":16},"end":{"line":21,"column":24}},"loc":{"start":{"line":21,"column":31},"end":{"line":23,"column":1}},"line":21},"4":{"name":"updateUsers","decl":{"start":{"line":24,"column":16},"end":{"line":24,"column":27}},"loc":{"start":{"line":24,"column":33},"end":{"line":26,"column":1}},"line":24},"5":{"name":"newUser","decl":{"start":{"line":27,"column":16},"end":{"line":27,"column":23}},"loc":{"start":{"line":27,"column":29},"end":{"line":29,"column":1}},"line":27},"6":{"name":"updateFollower","decl":{"start":{"line":30,"column":16},"end":{"line":30,"column":30}},"loc":{"start":{"line":30,"column":38},"end":{"line":32,"column":1}},"line":30},"7":{"name":"addFollower","decl":{"start":{"line":34,"column":16},"end":{"line":34,"column":27}},"loc":{"start":{"line":34,"column":34},"end":{"line":36,"column":1}},"line":34},"8":{"name":"removeFollower","decl":{"start":{"line":38,"column":16},"end":{"line":38,"column":30}},"loc":{"start":{"line":38,"column":37},"end":{"line":40,"column":1}},"line":38},"9":{"name":"NewPost","decl":{"start":{"line":41,"column":16},"end":{"line":41,"column":23}},"loc":{"start":{"line":41,"column":30},"end":{"line":43,"column":1}},"line":41},"10":{"name":"updatePost","decl":{"start":{"line":44,"column":16},"end":{"line":44,"column":26}},"loc":{"start":{"line":44,"column":33},"end":{"line":46,"column":1}},"line":44}},"branchMap":{},"s":{"0":11,"1":11,"2":11,"3":11,"4":11,"5":11,"6":11,"7":11,"8":11,"9":11,"10":11,"11":2,"12":1,"13":7,"14":10,"15":18,"16":1,"17":5,"18":6,"19":1,"20":22,"21":3},"f":{"0":2,"1":1,"2":7,"3":10,"4":18,"5":1,"6":5,"7":6,"8":1,"9":22,"10":3},"b":{},"_coverageSchema":"1a1c01bbd47fc00a2c39e90264f33305004495a9","hash":"3437069c4bbd45e7fe364a2adbb707cc014ef30c"}
,"C:\\Users\\sandyliu\\Desktop\\hw4\\src\\index.js": {"path":"C:\\Users\\sandyliu\\Desktop\\hw4\\src\\index.js","statementMap":{"0":{"start":{"line":11,"column":0},"end":{"line":11,"column":23}},"1":{"start":{"line":14,"column":15},"end":{"line":14,"column":29}},"2":{"start":{"line":15,"column":14},"end":{"line":15,"column":59}},"3":{"start":{"line":16,"column":0},"end":{"line":21,"column":1}}},"fnMap":{},"branchMap":{},"s":{"0":0,"1":0,"2":0,"3":0},"f":{},"b":{}}
,"C:\\Users\\sandyliu\\Desktop\\hw4\\src\\reducers.js": {"path":"C:\\Users\\sandyliu\\Desktop\\hw4\\src\\reducers.js","statementMap":{"0":{"start":{"line":13,"column":21},"end":{"line":29,"column":1}},"1":{"start":{"line":31,"column":4},"end":{"line":69,"column":5}},"2":{"start":{"line":33,"column":12},"end":{"line":33,"column":55}},"3":{"start":{"line":35,"column":12},"end":{"line":35,"column":78}},"4":{"start":{"line":37,"column":34},"end":{"line":37,"column":48}},"5":{"start":{"line":38,"column":26},"end":{"line":38,"column":37}},"6":{"start":{"line":39,"column":12},"end":{"line":39,"column":55}},"7":{"start":{"line":40,"column":12},"end":{"line":45,"column":13}},"8":{"start":{"line":40,"column":23},"end":{"line":40,"column":24}},"9":{"start":{"line":41,"column":16},"end":{"line":44,"column":17}},"10":{"start":{"line":42,"column":20},"end":{"line":42,"column":49}},"11":{"start":{"line":43,"column":20},"end":{"line":43,"column":26}},"12":{"start":{"line":46,"column":12},"end":{"line":46,"column":47}},"13":{"start":{"line":47,"column":12},"end":{"line":47,"column":73}},"14":{"start":{"line":49,"column":12},"end":{"line":49,"column":57}},"15":{"start":{"line":51,"column":12},"end":{"line":51,"column":81}},"16":{"start":{"line":52,"column":8},"end":{"line":52,"column":32}},"17":{"start":{"line":54,"column":12},"end":{"line":56,"column":89}},"18":{"start":{"line":55,"column":61},"end":{"line":55,"column":85}},"19":{"start":{"line":56,"column":63},"end":{"line":56,"column":87}},"20":{"start":{"line":58,"column":12},"end":{"line":58,"column":65}},"21":{"start":{"line":60,"column":12},"end":{"line":60,"column":49}},"22":{"start":{"line":62,"column":12},"end":{"line":62,"column":54}},"23":{"start":{"line":64,"column":12},"end":{"line":64,"column":50}},"24":{"start":{"line":66,"column":12},"end":{"line":66,"column":83}},"25":{"start":{"line":68,"column":12},"end":{"line":68,"column":24}},"26":{"start":{"line":72,"column":4},"end":{"line":72,"column":70}},"27":{"start":{"line":73,"column":4},"end":{"line":73,"column":79}}},"fnMap":{"0":{"name":"Reducer","decl":{"start":{"line":30,"column":16},"end":{"line":30,"column":23}},"loc":{"start":{"line":30,"column":50},"end":{"line":70,"column":1}},"line":30},"1":{"name":"(anonymous_1)","decl":{"start":{"line":55,"column":54},"end":{"line":55,"column":55}},"loc":{"start":{"line":55,"column":61},"end":{"line":55,"column":85}},"line":55},"2":{"name":"(anonymous_2)","decl":{"start":{"line":56,"column":56},"end":{"line":56,"column":57}},"loc":{"start":{"line":56,"column":63},"end":{"line":56,"column":87}},"line":56},"3":{"name":"updateUserInfoToLocalStorage","decl":{"start":{"line":71,"column":9},"end":{"line":71,"column":37}},"loc":{"start":{"line":71,"column":45},"end":{"line":74,"column":1}},"line":71}},"branchMap":{"0":{"loc":{"start":{"line":30,"column":24},"end":{"line":30,"column":42}},"type":"default-arg","locations":[{"start":{"line":30,"column":30},"end":{"line":30,"column":42}}],"line":30},"1":{"loc":{"start":{"line":31,"column":4},"end":{"line":69,"column":5}},"type":"switch","locations":[{"start":{"line":32,"column":8},"end":{"line":33,"column":55}},{"start":{"line":34,"column":8},"end":{"line":35,"column":78}},{"start":{"line":36,"column":8},"end":{"line":47,"column":73}},{"start":{"line":48,"column":8},"end":{"line":49,"column":57}},{"start":{"line":50,"column":8},"end":{"line":52,"column":32}},{"start":{"line":53,"column":8},"end":{"line":56,"column":89}},{"start":{"line":57,"column":8},"end":{"line":58,"column":65}},{"start":{"line":59,"column":8},"end":{"line":60,"column":49}},{"start":{"line":61,"column":8},"end":{"line":62,"column":54}},{"start":{"line":63,"column":8},"end":{"line":64,"column":50}},{"start":{"line":65,"column":8},"end":{"line":66,"column":83}},{"start":{"line":67,"column":8},"end":{"line":68,"column":24}}],"line":31},"2":{"loc":{"start":{"line":41,"column":16},"end":{"line":44,"column":17}},"type":"if","locations":[{"start":{"line":41,"column":16},"end":{"line":44,"column":17}},{"start":{},"end":{}}],"line":41}},"s":{"0":11,"1":98,"2":3,"3":22,"4":1,"5":1,"6":1,"7":1,"8":1,"9":1,"10":1,"11":1,"12":1,"13":1,"14":5,"15":6,"16":0,"17":1,"18":2,"19":1,"20":1,"21":2,"22":9,"23":10,"24":18,"25":20,"26":1,"27":1},"f":{"0":98,"1":2,"2":1,"3":1},"b":{"0":[40],"1":[3,22,1,5,6,1,1,2,9,10,18,20],"2":[1,0]},"_coverageSchema":"1a1c01bbd47fc00a2c39e90264f33305004495a9","hash":"8eb63cfc8002523db8c1c9d14963537bc4ee7cb5"}
,"C:\\Users\\sandyliu\\Desktop\\hw4\\src\\components\\article\\addArticle.js": {"path":"C:\\Users\\sandyliu\\Desktop\\hw4\\src\\components\\article\\addArticle.js","statementMap":{"0":{"start":{"line":6,"column":8},"end":{"line":6,"column":21}},"1":{"start":{"line":7,"column":8},"end":{"line":9,"column":9}},"2":{"start":{"line":10,"column":8},"end":{"line":10,"column":56}},"3":{"start":{"line":11,"column":8},"end":{"line":11,"column":52}},"4":{"start":{"line":12,"column":8},"end":{"line":12,"column":50}},"5":{"start":{"line":16,"column":8},"end":{"line":16,"column":50}},"6":{"start":{"line":20,"column":17},"end":{"line":20,"column":47}},"7":{"start":{"line":21,"column":8},"end":{"line":27,"column":10}},"8":{"start":{"line":28,"column":8},"end":{"line":28,"column":25}},"9":{"start":{"line":31,"column":8},"end":{"line":31,"column":36}},"10":{"start":{"line":34,"column":8},"end":{"line":53,"column":9}},"11":{"start":{"line":60,"column":8},"end":{"line":63,"column":9}},"12":{"start":{"line":66,"column":8},"end":{"line":69,"column":9}},"13":{"start":{"line":67,"column":31},"end":{"line":67,"column":54}},"14":{"start":{"line":68,"column":33},"end":{"line":68,"column":58}}},"fnMap":{"0":{"name":"(anonymous_0)","decl":{"start":{"line":5,"column":4},"end":{"line":5,"column":5}},"loc":{"start":{"line":5,"column":24},"end":{"line":13,"column":5}},"line":5},"1":{"name":"(anonymous_1)","decl":{"start":{"line":15,"column":4},"end":{"line":15,"column":5}},"loc":{"start":{"line":15,"column":22},"end":{"line":17,"column":5}},"line":15},"2":{"name":"(anonymous_2)","decl":{"start":{"line":19,"column":4},"end":{"line":19,"column":5}},"loc":{"start":{"line":19,"column":20},"end":{"line":29,"column":5}},"line":19},"3":{"name":"(anonymous_3)","decl":{"start":{"line":30,"column":4},"end":{"line":30,"column":5}},"loc":{"start":{"line":30,"column":19},"end":{"line":32,"column":5}},"line":30},"4":{"name":"(anonymous_4)","decl":{"start":{"line":33,"column":4},"end":{"line":33,"column":5}},"loc":{"start":{"line":33,"column":13},"end":{"line":54,"column":5}},"line":33},"5":{"name":"(anonymous_5)","decl":{"start":{"line":59,"column":4},"end":{"line":59,"column":5}},"loc":{"start":{"line":59,"column":15},"end":{"line":64,"column":5}},"line":59},"6":{"name":"(anonymous_6)","decl":{"start":{"line":65,"column":4},"end":{"line":65,"column":5}},"loc":{"start":{"line":65,"column":18},"end":{"line":70,"column":5}},"line":65},"7":{"name":"(anonymous_7)","decl":{"start":{"line":67,"column":21},"end":{"line":67,"column":22}},"loc":{"start":{"line":67,"column":31},"end":{"line":67,"column":54}},"line":67},"8":{"name":"(anonymous_8)","decl":{"start":{"line":68,"column":22},"end":{"line":68,"column":23}},"loc":{"start":{"line":68,"column":33},"end":{"line":68,"column":58}},"line":68}},"branchMap":{},"s":{"0":3,"1":3,"2":3,"3":3,"4":3,"5":1,"6":1,"7":1,"8":1,"9":2,"10":6,"11":6,"12":3,"13":1,"14":0},"f":{"0":3,"1":1,"2":1,"3":2,"4":6,"5":6,"6":3,"7":1,"8":0},"b":{},"_coverageSchema":"1a1c01bbd47fc00a2c39e90264f33305004495a9","hash":"e7dff7b76ebff49341e9312f6e2cfff0bbb98568"}
,"C:\\Users\\sandyliu\\Desktop\\hw4\\src\\components\\article\\article.js": {"path":"C:\\Users\\sandyliu\\Desktop\\hw4\\src\\components\\article\\article.js","statementMap":{"0":{"start":{"line":6,"column":16},"end":{"line":14,"column":1}},"1":{"start":{"line":7,"column":4},"end":{"line":13,"column":5}}},"fnMap":{"0":{"name":"(anonymous_0)","decl":{"start":{"line":6,"column":16},"end":{"line":6,"column":17}},"loc":{"start":{"line":6,"column":27},"end":{"line":14,"column":1}},"line":6}},"branchMap":{},"s":{"0":1,"1":3},"f":{"0":3},"b":{},"_coverageSchema":"1a1c01bbd47fc00a2c39e90264f33305004495a9","hash":"80862411578b82e9cd9d094f2bcdd9ef063773f0"}
,"C:\\Users\\sandyliu\\Desktop\\hw4\\src\\components\\article\\articlesView.js": {"path":"C:\\Users\\sandyliu\\Desktop\\hw4\\src\\components\\article\\articlesView.js","statementMap":{"0":{"start":{"line":6,"column":8},"end":{"line":46,"column":9}},"1":{"start":{"line":7,"column":30},"end":{"line":7,"column":32}},"2":{"start":{"line":8,"column":24},"end":{"line":8,"column":47}},"3":{"start":{"line":9,"column":12},"end":{"line":16,"column":13}},"4":{"start":{"line":10,"column":16},"end":{"line":10,"column":41}},"5":{"start":{"line":11,"column":29},"end":{"line":11,"column":57}},"6":{"start":{"line":12,"column":16},"end":{"line":15,"column":18}},"7":{"start":{"line":13,"column":32},"end":{"line":13,"column":66}},"8":{"start":{"line":13,"column":51},"end":{"line":13,"column":65}},"9":{"start":{"line":14,"column":20},"end":{"line":14,"column":44}},"10":{"start":{"line":17,"column":26},"end":{"line":17,"column":36}},"11":{"start":{"line":18,"column":20},"end":{"line":18,"column":56}},"12":{"start":{"line":19,"column":22},"end":{"line":19,"column":23}},"13":{"start":{"line":20,"column":12},"end":{"line":44,"column":13}},"14":{"start":{"line":20,"column":23},"end":{"line":20,"column":24}},"15":{"start":{"line":21,"column":24},"end":{"line":21,"column":55}},"16":{"start":{"line":22,"column":16},"end":{"line":22,"column":57}},"17":{"start":{"line":23,"column":16},"end":{"line":23,"column":25}},"18":{"start":{"line":24,"column":26},"end":{"line":30,"column":17}},"19":{"start":{"line":31,"column":16},"end":{"line":31,"column":38}},"20":{"start":{"line":32,"column":16},"end":{"line":43,"column":17}},"21":{"start":{"line":32,"column":27},"end":{"line":32,"column":28}},"22":{"start":{"line":33,"column":20},"end":{"line":33,"column":61}},"23":{"start":{"line":34,"column":20},"end":{"line":34,"column":29}},"24":{"start":{"line":35,"column":20},"end":{"line":35,"column":56}},"25":{"start":{"line":36,"column":20},"end":{"line":42,"column":22}},"26":{"start":{"line":45,"column":12},"end":{"line":45,"column":47}},"27":{"start":{"line":49,"column":8},"end":{"line":49,"column":20}},"28":{"start":{"line":50,"column":8},"end":{"line":64,"column":9}},"29":{"start":{"line":65,"column":8},"end":{"line":65,"column":59}},"30":{"start":{"line":69,"column":8},"end":{"line":69,"column":51}},"31":{"start":{"line":72,"column":8},"end":{"line":121,"column":9}},"32":{"start":{"line":78,"column":30},"end":{"line":78,"column":63}},"33":{"start":{"line":79,"column":35},"end":{"line":79,"column":37}},"34":{"start":{"line":80,"column":20},"end":{"line":83,"column":21}},"35":{"start":{"line":80,"column":33},"end":{"line":80,"column":34}},"36":{"start":{"line":81,"column":34},"end":{"line":81,"column":88}},"37":{"start":{"line":82,"column":24},"end":{"line":82,"column":172}},"38":{"start":{"line":84,"column":20},"end":{"line":85,"column":35}},"39":{"start":{"line":85,"column":24},"end":{"line":85,"column":35}},"40":{"start":{"line":86,"column":37},"end":{"line":86,"column":42}},"41":{"start":{"line":87,"column":20},"end":{"line":89,"column":21}},"42":{"start":{"line":88,"column":24},"end":{"line":88,"column":80}},"43":{"start":{"line":90,"column":20},"end":{"line":118,"column":21}},"44":{"start":{"line":91,"column":24},"end":{"line":103,"column":31}},"45":{"start":{"line":105,"column":24},"end":{"line":117,"column":31}},"46":{"start":{"line":125,"column":4},"end":{"line":125,"column":40}},"47":{"start":{"line":125,"column":28},"end":{"line":125,"column":40}},"48":{"start":{"line":126,"column":4},"end":{"line":126,"column":43}},"49":{"start":{"line":126,"column":31},"end":{"line":126,"column":43}},"50":{"start":{"line":127,"column":4},"end":{"line":127,"column":16}},"51":{"start":{"line":131,"column":8},"end":{"line":137,"column":9}},"52":{"start":{"line":140,"column":8},"end":{"line":143,"column":9}},"53":{"start":{"line":141,"column":33},"end":{"line":141,"column":58}},"54":{"start":{"line":142,"column":34},"end":{"line":142,"column":60}}},"fnMap":{"0":{"name":"(anonymous_0)","decl":{"start":{"line":5,"column":4},"end":{"line":5,"column":5}},"loc":{"start":{"line":5,"column":24},"end":{"line":47,"column":5}},"line":5},"1":{"name":"(anonymous_1)","decl":{"start":{"line":12,"column":38},"end":{"line":12,"column":39}},"loc":{"start":{"line":12,"column":47},"end":{"line":15,"column":17}},"line":12},"2":{"name":"(anonymous_2)","decl":{"start":{"line":13,"column":46},"end":{"line":13,"column":47}},"loc":{"start":{"line":13,"column":51},"end":{"line":13,"column":65}},"line":13},"3":{"name":"(anonymous_3)","decl":{"start":{"line":48,"column":4},"end":{"line":48,"column":5}},"loc":{"start":{"line":48,"column":23},"end":{"line":66,"column":5}},"line":48},"4":{"name":"(anonymous_4)","decl":{"start":{"line":68,"column":4},"end":{"line":68,"column":5}},"loc":{"start":{"line":68,"column":23},"end":{"line":70,"column":5}},"line":68},"5":{"name":"(anonymous_5)","decl":{"start":{"line":71,"column":4},"end":{"line":71,"column":5}},"loc":{"start":{"line":71,"column":13},"end":{"line":122,"column":5}},"line":71},"6":{"name":"(anonymous_6)","decl":{"start":{"line":77,"column":44},"end":{"line":77,"column":45}},"loc":{"start":{"line":77,"column":51},"end":{"line":119,"column":17}},"line":77},"7":{"name":"checkContainsKeyword","decl":{"start":{"line":124,"column":9},"end":{"line":124,"column":29}},"loc":{"start":{"line":124,"column":50},"end":{"line":128,"column":1}},"line":124},"8":{"name":"(anonymous_8)","decl":{"start":{"line":130,"column":4},"end":{"line":130,"column":5}},"loc":{"start":{"line":130,"column":15},"end":{"line":138,"column":5}},"line":130},"9":{"name":"(anonymous_9)","decl":{"start":{"line":139,"column":4},"end":{"line":139,"column":5}},"loc":{"start":{"line":139,"column":18},"end":{"line":144,"column":5}},"line":139},"10":{"name":"(anonymous_10)","decl":{"start":{"line":141,"column":22},"end":{"line":141,"column":23}},"loc":{"start":{"line":141,"column":33},"end":{"line":141,"column":58}},"line":141},"11":{"name":"(anonymous_11)","decl":{"start":{"line":142,"column":24},"end":{"line":142,"column":25}},"loc":{"start":{"line":142,"column":34},"end":{"line":142,"column":60}},"line":142}},"branchMap":{"0":{"loc":{"start":{"line":6,"column":8},"end":{"line":46,"column":9}},"type":"if","locations":[{"start":{"line":6,"column":8},"end":{"line":46,"column":9}},{"start":{},"end":{}}],"line":6},"1":{"loc":{"start":{"line":9,"column":12},"end":{"line":16,"column":13}},"type":"if","locations":[{"start":{"line":9,"column":12},"end":{"line":16,"column":13}},{"start":{},"end":{}}],"line":9},"2":{"loc":{"start":{"line":84,"column":20},"end":{"line":85,"column":35}},"type":"if","locations":[{"start":{"line":84,"column":20},"end":{"line":85,"column":35}},{"start":{},"end":{}}],"line":84},"3":{"loc":{"start":{"line":87,"column":20},"end":{"line":89,"column":21}},"type":"if","locations":[{"start":{"line":87,"column":20},"end":{"line":89,"column":21}},{"start":{},"end":{}}],"line":87},"4":{"loc":{"start":{"line":90,"column":20},"end":{"line":118,"column":21}},"type":"if","locations":[{"start":{"line":90,"column":20},"end":{"line":118,"column":21}},{"start":{"line":104,"column":27},"end":{"line":118,"column":21}}],"line":90},"5":{"loc":{"start":{"line":125,"column":4},"end":{"line":125,"column":40}},"type":"if","locations":[{"start":{"line":125,"column":4},"end":{"line":125,"column":40}},{"start":{},"end":{}}],"line":125},"6":{"loc":{"start":{"line":126,"column":4},"end":{"line":126,"column":43}},"type":"if","locations":[{"start":{"line":126,"column":4},"end":{"line":126,"column":43}},{"start":{},"end":{}}],"line":126}},"s":{"0":3,"1":1,"2":1,"3":1,"4":0,"5":0,"6":0,"7":0,"8":0,"9":0,"10":1,"11":1,"12":1,"13":1,"14":1,"15":10,"16":10,"17":10,"18":10,"19":10,"20":10,"21":10,"22":10,"23":10,"24":10,"25":10,"26":1,"27":5,"28":3,"29":3,"30":1,"31":7,"32":40,"33":40,"34":40,"35":40,"36":128,"37":128,"38":40,"39":20,"40":20,"41":20,"42":20,"43":20,"44":20,"45":0,"46":40,"47":20,"48":20,"49":0,"50":20,"51":7,"52":3,"53":0,"54":1},"f":{"0":3,"1":0,"2":0,"3":5,"4":1,"5":7,"6":40,"7":40,"8":7,"9":3,"10":0,"11":1},"b":{"0":[1,2],"1":[0,1],"2":[20,20],"3":[20,0],"4":[20,0],"5":[20,20],"6":[0,20]},"_coverageSchema":"1a1c01bbd47fc00a2c39e90264f33305004495a9","hash":"328e068f23a954525690ad1e1067c50e2a8de088"}
,"C:\\Users\\sandyliu\\Desktop\\hw4\\src\\components\\auth\\landing.js": {"path":"C:\\Users\\sandyliu\\Desktop\\hw4\\src\\components\\auth\\landing.js","statementMap":{"0":{"start":{"line":10,"column":8},"end":{"line":10,"column":24}},"1":{"start":{"line":11,"column":20},"end":{"line":11,"column":68}},"2":{"start":{"line":12,"column":19},"end":{"line":12,"column":73}},"3":{"start":{"line":13,"column":8},"end":{"line":16,"column":9}},"4":{"start":{"line":14,"column":12},"end":{"line":14,"column":41}},"5":{"start":{"line":15,"column":16},"end":{"line":15,"column":41}},"6":{"start":{"line":20,"column":12},"end":{"line":36,"column":13}},"7":{"start":{"line":41,"column":8},"end":{"line":44,"column":9}},"8":{"start":{"line":47,"column":8},"end":{"line":52,"column":9}},"9":{"start":{"line":48,"column":32},"end":{"line":48,"column":59}},"10":{"start":{"line":49,"column":32},"end":{"line":49,"column":56}},"11":{"start":{"line":50,"column":33},"end":{"line":50,"column":58}},"12":{"start":{"line":51,"column":33},"end":{"line":51,"column":58}}},"fnMap":{"0":{"name":"(anonymous_0)","decl":{"start":{"line":9,"column":4},"end":{"line":9,"column":5}},"loc":{"start":{"line":9,"column":24},"end":{"line":17,"column":5}},"line":9},"1":{"name":"(anonymous_1)","decl":{"start":{"line":18,"column":8},"end":{"line":18,"column":9}},"loc":{"start":{"line":19,"column":8},"end":{"line":37,"column":9}},"line":19},"2":{"name":"(anonymous_2)","decl":{"start":{"line":40,"column":4},"end":{"line":40,"column":5}},"loc":{"start":{"line":40,"column":11},"end":{"line":45,"column":5}},"line":40},"3":{"name":"(anonymous_3)","decl":{"start":{"line":46,"column":4},"end":{"line":46,"column":5}},"loc":{"start":{"line":46,"column":15},"end":{"line":54,"column":5}},"line":46},"4":{"name":"(anonymous_4)","decl":{"start":{"line":48,"column":24},"end":{"line":48,"column":25}},"loc":{"start":{"line":48,"column":32},"end":{"line":48,"column":59}},"line":48},"5":{"name":"(anonymous_5)","decl":{"start":{"line":49,"column":26},"end":{"line":49,"column":27}},"loc":{"start":{"line":49,"column":32},"end":{"line":49,"column":56}},"line":49},"6":{"name":"(anonymous_6)","decl":{"start":{"line":50,"column":22},"end":{"line":50,"column":23}},"loc":{"start":{"line":50,"column":33},"end":{"line":50,"column":58}},"line":50},"7":{"name":"(anonymous_7)","decl":{"start":{"line":51,"column":22},"end":{"line":51,"column":23}},"loc":{"start":{"line":51,"column":33},"end":{"line":51,"column":58}},"line":51}},"branchMap":{"0":{"loc":{"start":{"line":13,"column":8},"end":{"line":16,"column":9}},"type":"if","locations":[{"start":{"line":13,"column":8},"end":{"line":16,"column":9}},{"start":{},"end":{}}],"line":13},"1":{"loc":{"start":{"line":13,"column":12},"end":{"line":13,"column":25}},"type":"binary-expr","locations":[{"start":{"line":13,"column":12},"end":{"line":13,"column":17}},{"start":{"line":13,"column":21},"end":{"line":13,"column":25}}],"line":13}},"s":{"0":4,"1":4,"2":4,"3":4,"4":0,"5":0,"6":4,"7":4,"8":4,"9":0,"10":0,"11":0,"12":0},"f":{"0":4,"1":4,"2":4,"3":4,"4":0,"5":0,"6":0,"7":0},"b":{"0":[0,4],"1":[4,0]},"_coverageSchema":"1a1c01bbd47fc00a2c39e90264f33305004495a9","hash":"b36c813beac0b02619a94e571a7e40d81d9402c0"}
,"C:\\Users\\sandyliu\\Desktop\\hw4\\src\\components\\auth\\login.js": {"path":"C:\\Users\\sandyliu\\Desktop\\hw4\\src\\components\\auth\\login.js","statementMap":{"0":{"start":{"line":6,"column":10},"end":{"line":6,"column":45}},"1":{"start":{"line":8,"column":8},"end":{"line":8,"column":21}},"2":{"start":{"line":9,"column":8},"end":{"line":9,"column":51}},"3":{"start":{"line":10,"column":8},"end":{"line":10,"column":59}},"4":{"start":{"line":12,"column":15},"end":{"line":28,"column":5}},"5":{"start":{"line":14,"column":8},"end":{"line":27,"column":9}},"6":{"start":{"line":15,"column":12},"end":{"line":15,"column":73}},"7":{"start":{"line":16,"column":15},"end":{"line":27,"column":9}},"8":{"start":{"line":17,"column":12},"end":{"line":25,"column":13}},"9":{"start":{"line":17,"column":25},"end":{"line":17,"column":26}},"10":{"start":{"line":18,"column":16},"end":{"line":24,"column":17}},"11":{"start":{"line":20,"column":20},"end":{"line":20,"column":93}},"12":{"start":{"line":21,"column":20},"end":{"line":21,"column":56}},"13":{"start":{"line":22,"column":20},"end":{"line":22,"column":46}},"14":{"start":{"line":23,"column":20},"end":{"line":23,"column":64}},"15":{"start":{"line":26,"column":12},"end":{"line":26,"column":78}},"16":{"start":{"line":30,"column":8},"end":{"line":30,"column":50}},"17":{"start":{"line":34,"column":8},"end":{"line":34,"column":50}},"18":{"start":{"line":38,"column":8},"end":{"line":62,"column":9}},"19":{"start":{"line":43,"column":46},"end":{"line":43,"column":66}},"20":{"start":{"line":68,"column":8},"end":{"line":72,"column":9}},"21":{"start":{"line":75,"column":8},"end":{"line":78,"column":9}},"22":{"start":{"line":76,"column":32},"end":{"line":76,"column":59}},"23":{"start":{"line":77,"column":29},"end":{"line":77,"column":53}}},"fnMap":{"0":{"name":"(anonymous_0)","decl":{"start":{"line":7,"column":4},"end":{"line":7,"column":5}},"loc":{"start":{"line":7,"column":24},"end":{"line":11,"column":5}},"line":7},"1":{"name":"(anonymous_1)","decl":{"start":{"line":12,"column":15},"end":{"line":12,"column":16}},"loc":{"start":{"line":12,"column":21},"end":{"line":28,"column":5}},"line":12},"2":{"name":"(anonymous_2)","decl":{"start":{"line":29,"column":4},"end":{"line":29,"column":5}},"loc":{"start":{"line":29,"column":18},"end":{"line":31,"column":5}},"line":29},"3":{"name":"(anonymous_3)","decl":{"start":{"line":33,"column":4},"end":{"line":33,"column":5}},"loc":{"start":{"line":33,"column":22},"end":{"line":36,"column":5}},"line":33},"4":{"name":"(anonymous_4)","decl":{"start":{"line":37,"column":4},"end":{"line":37,"column":5}},"loc":{"start":{"line":37,"column":13},"end":{"line":64,"column":5}},"line":37},"5":{"name":"(anonymous_5)","decl":{"start":{"line":43,"column":36},"end":{"line":43,"column":37}},"loc":{"start":{"line":43,"column":45},"end":{"line":43,"column":67}},"line":43},"6":{"name":"(anonymous_6)","decl":{"start":{"line":67,"column":4},"end":{"line":67,"column":5}},"loc":{"start":{"line":67,"column":14},"end":{"line":73,"column":5}},"line":67},"7":{"name":"(anonymous_7)","decl":{"start":{"line":74,"column":4},"end":{"line":74,"column":5}},"loc":{"start":{"line":74,"column":18},"end":{"line":79,"column":5}},"line":74},"8":{"name":"(anonymous_8)","decl":{"start":{"line":76,"column":24},"end":{"line":76,"column":25}},"loc":{"start":{"line":76,"column":32},"end":{"line":76,"column":59}},"line":76},"9":{"name":"(anonymous_9)","decl":{"start":{"line":77,"column":25},"end":{"line":77,"column":26}},"loc":{"start":{"line":77,"column":29},"end":{"line":77,"column":53}},"line":77}},"branchMap":{"0":{"loc":{"start":{"line":14,"column":8},"end":{"line":27,"column":9}},"type":"if","locations":[{"start":{"line":14,"column":8},"end":{"line":27,"column":9}},{"start":{"line":16,"column":15},"end":{"line":27,"column":9}}],"line":14},"1":{"loc":{"start":{"line":14,"column":12},"end":{"line":14,"column":68}},"type":"binary-expr","locations":[{"start":{"line":14,"column":12},"end":{"line":14,"column":38}},{"start":{"line":14,"column":42},"end":{"line":14,"column":68}}],"line":14},"2":{"loc":{"start":{"line":16,"column":15},"end":{"line":27,"column":9}},"type":"if","locations":[{"start":{"line":16,"column":15},"end":{"line":27,"column":9}},{"start":{},"end":{}}],"line":16},"3":{"loc":{"start":{"line":16,"column":19},"end":{"line":16,"column":138}},"type":"binary-expr","locations":[{"start":{"line":16,"column":19},"end":{"line":16,"column":45}},{"start":{"line":16,"column":49},"end":{"line":16,"column":77}},{"start":{"line":16,"column":81},"end":{"line":16,"column":106}},{"start":{"line":16,"column":110},"end":{"line":16,"column":138}}],"line":16},"4":{"loc":{"start":{"line":18,"column":16},"end":{"line":24,"column":17}},"type":"if","locations":[{"start":{"line":18,"column":16},"end":{"line":24,"column":17}},{"start":{},"end":{}}],"line":18},"5":{"loc":{"start":{"line":18,"column":20},"end":{"line":18,"column":124}},"type":"binary-expr","locations":[{"start":{"line":18,"column":20},"end":{"line":18,"column":72}},{"start":{"line":18,"column":76},"end":{"line":18,"column":124}}],"line":18}},"s":{"0":7,"1":7,"2":7,"3":7,"4":7,"5":3,"6":1,"7":2,"8":2,"9":2,"10":4,"11":1,"12":1,"13":1,"14":1,"15":2,"16":3,"17":3,"18":17,"19":2,"20":10,"21":7,"22":1,"23":1},"f":{"0":7,"1":3,"2":3,"3":3,"4":17,"5":2,"6":10,"7":7,"8":1,"9":1},"b":{"0":[1,2],"1":[3,2],"2":[2,0],"3":[2,2,2,2],"4":[1,3],"5":[4,1]},"_coverageSchema":"1a1c01bbd47fc00a2c39e90264f33305004495a9","hash":"ebc4b90333f09c3ef63d39424502ac7cc2887e69"}
,"C:\\Users\\sandyliu\\Desktop\\hw4\\src\\components\\auth\\register.js": {"path":"C:\\Users\\sandyliu\\Desktop\\hw4\\src\\components\\auth\\register.js","statementMap":{"0":{"start":{"line":8,"column":10},"end":{"line":8,"column":79}},"1":{"start":{"line":10,"column":8},"end":{"line":10,"column":21}},"2":{"start":{"line":11,"column":8},"end":{"line":11,"column":51}},"3":{"start":{"line":12,"column":8},"end":{"line":12,"column":49}},"4":{"start":{"line":13,"column":8},"end":{"line":13,"column":53}},"5":{"start":{"line":14,"column":8},"end":{"line":14,"column":53}},"6":{"start":{"line":15,"column":8},"end":{"line":15,"column":57}},"7":{"start":{"line":16,"column":8},"end":{"line":16,"column":49}},"8":{"start":{"line":17,"column":8},"end":{"line":17,"column":49}},"9":{"start":{"line":18,"column":8},"end":{"line":18,"column":57}},"10":{"start":{"line":21,"column":8},"end":{"line":21,"column":46}},"11":{"start":{"line":25,"column":8},"end":{"line":25,"column":45}},"12":{"start":{"line":29,"column":8},"end":{"line":29,"column":47}},"13":{"start":{"line":33,"column":8},"end":{"line":33,"column":47}},"14":{"start":{"line":37,"column":8},"end":{"line":37,"column":49}},"15":{"start":{"line":41,"column":8},"end":{"line":41,"column":45}},"16":{"start":{"line":45,"column":8},"end":{"line":45,"column":45}},"17":{"start":{"line":48,"column":17},"end":{"line":70,"column":22}},"18":{"start":{"line":50,"column":8},"end":{"line":63,"column":9}},"19":{"start":{"line":57,"column":12},"end":{"line":57,"column":79}},"20":{"start":{"line":59,"column":12},"end":{"line":59,"column":25}},"21":{"start":{"line":60,"column":15},"end":{"line":63,"column":9}},"22":{"start":{"line":61,"column":12},"end":{"line":61,"column":68}},"23":{"start":{"line":62,"column":12},"end":{"line":62,"column":25}},"24":{"start":{"line":64,"column":22},"end":{"line":64,"column":100}},"25":{"start":{"line":65,"column":20},"end":{"line":65,"column":36}},"26":{"start":{"line":66,"column":8},"end":{"line":66,"column":83}},"27":{"start":{"line":66,"column":33},"end":{"line":66,"column":82}},"28":{"start":{"line":67,"column":18},"end":{"line":67,"column":244}},"29":{"start":{"line":68,"column":8},"end":{"line":69,"column":89}},"30":{"start":{"line":68,"column":37},"end":{"line":68,"column":94}},"31":{"start":{"line":68,"column":94},"end":{"line":68,"column":130}},"32":{"start":{"line":68,"column":130},"end":{"line":68,"column":146}},"33":{"start":{"line":68,"column":146},"end":{"line":68,"column":199}},"34":{"start":{"line":68,"column":199},"end":{"line":68,"column":223}},"35":{"start":{"line":68,"column":223},"end":{"line":68,"column":251}},"36":{"start":{"line":68,"column":251},"end":{"line":68,"column":277}},"37":{"start":{"line":69,"column":15},"end":{"line":69,"column":88}},"38":{"start":{"line":70,"column":8},"end":{"line":70,"column":21}},"39":{"start":{"line":72,"column":1},"end":{"line":108,"column":5}},"40":{"start":{"line":76,"column":43},"end":{"line":76,"column":63}},"41":{"start":{"line":113,"column":8},"end":{"line":116,"column":9}},"42":{"start":{"line":119,"column":8},"end":{"line":119,"column":158}},"43":{"start":{"line":119,"column":36},"end":{"line":119,"column":60}},"44":{"start":{"line":119,"column":85},"end":{"line":119,"column":112}},"45":{"start":{"line":119,"column":133},"end":{"line":119,"column":156}}},"fnMap":{"0":{"name":"(anonymous_0)","decl":{"start":{"line":9,"column":4},"end":{"line":9,"column":5}},"loc":{"start":{"line":9,"column":24},"end":{"line":19,"column":5}},"line":9},"1":{"name":"(anonymous_1)","decl":{"start":{"line":20,"column":4},"end":{"line":20,"column":5}},"loc":{"start":{"line":20,"column":18},"end":{"line":22,"column":5}},"line":20},"2":{"name":"(anonymous_2)","decl":{"start":{"line":24,"column":4},"end":{"line":24,"column":5}},"loc":{"start":{"line":24,"column":17},"end":{"line":27,"column":5}},"line":24},"3":{"name":"(anonymous_3)","decl":{"start":{"line":28,"column":4},"end":{"line":28,"column":5}},"loc":{"start":{"line":28,"column":19},"end":{"line":30,"column":5}},"line":28},"4":{"name":"(anonymous_4)","decl":{"start":{"line":32,"column":4},"end":{"line":32,"column":5}},"loc":{"start":{"line":32,"column":19},"end":{"line":35,"column":5}},"line":32},"5":{"name":"(anonymous_5)","decl":{"start":{"line":36,"column":4},"end":{"line":36,"column":5}},"loc":{"start":{"line":36,"column":21},"end":{"line":38,"column":5}},"line":36},"6":{"name":"(anonymous_6)","decl":{"start":{"line":40,"column":4},"end":{"line":40,"column":5}},"loc":{"start":{"line":40,"column":17},"end":{"line":43,"column":5}},"line":40},"7":{"name":"(anonymous_7)","decl":{"start":{"line":44,"column":4},"end":{"line":44,"column":5}},"loc":{"start":{"line":44,"column":17},"end":{"line":47,"column":5}},"line":44},"8":{"name":"(anonymous_8)","decl":{"start":{"line":48,"column":17},"end":{"line":48,"column":18}},"loc":{"start":{"line":48,"column":22},"end":{"line":70,"column":22}},"line":48},"9":{"name":"(anonymous_9)","decl":{"start":{"line":71,"column":4},"end":{"line":71,"column":5}},"loc":{"start":{"line":72,"column":0},"end":{"line":109,"column":7}},"line":72},"10":{"name":"(anonymous_10)","decl":{"start":{"line":76,"column":33},"end":{"line":76,"column":34}},"loc":{"start":{"line":76,"column":42},"end":{"line":76,"column":64}},"line":76},"11":{"name":"(anonymous_11)","decl":{"start":{"line":112,"column":4},"end":{"line":112,"column":5}},"loc":{"start":{"line":112,"column":15},"end":{"line":117,"column":5}},"line":112},"12":{"name":"(anonymous_12)","decl":{"start":{"line":118,"column":4},"end":{"line":118,"column":5}},"loc":{"start":{"line":118,"column":18},"end":{"line":120,"column":5}},"line":118},"13":{"name":"(anonymous_13)","decl":{"start":{"line":119,"column":30},"end":{"line":119,"column":31}},"loc":{"start":{"line":119,"column":36},"end":{"line":119,"column":60}},"line":119},"14":{"name":"(anonymous_14)","decl":{"start":{"line":119,"column":75},"end":{"line":119,"column":76}},"loc":{"start":{"line":119,"column":85},"end":{"line":119,"column":112}},"line":119},"15":{"name":"(anonymous_15)","decl":{"start":{"line":119,"column":123},"end":{"line":119,"column":124}},"loc":{"start":{"line":119,"column":133},"end":{"line":119,"column":156}},"line":119}},"branchMap":{"0":{"loc":{"start":{"line":50,"column":8},"end":{"line":63,"column":9}},"type":"if","locations":[{"start":{"line":50,"column":8},"end":{"line":63,"column":9}},{"start":{"line":60,"column":15},"end":{"line":63,"column":9}}],"line":50},"1":{"loc":{"start":{"line":50,"column":12},"end":{"line":56,"column":63}},"type":"binary-expr","locations":[{"start":{"line":50,"column":12},"end":{"line":50,"column":36}},{"start":{"line":50,"column":40},"end":{"line":50,"column":62}},{"start":{"line":51,"column":15},"end":{"line":51,"column":40}},{"start":{"line":51,"column":44},"end":{"line":51,"column":67}},{"start":{"line":52,"column":15},"end":{"line":52,"column":40}},{"start":{"line":52,"column":44},"end":{"line":52,"column":67}},{"start":{"line":53,"column":14},"end":{"line":53,"column":41}},{"start":{"line":53,"column":45},"end":{"line":53,"column":70}},{"start":{"line":54,"column":15},"end":{"line":54,"column":37}},{"start":{"line":54,"column":41},"end":{"line":54,"column":62}},{"start":{"line":55,"column":15},"end":{"line":55,"column":38}},{"start":{"line":55,"column":42},"end":{"line":55,"column":63}},{"start":{"line":56,"column":15},"end":{"line":56,"column":38}},{"start":{"line":56,"column":42},"end":{"line":56,"column":63}}],"line":50},"2":{"loc":{"start":{"line":60,"column":15},"end":{"line":63,"column":9}},"type":"if","locations":[{"start":{"line":60,"column":15},"end":{"line":63,"column":9}},{"start":{},"end":{}}],"line":60},"3":{"loc":{"start":{"line":64,"column":22},"end":{"line":64,"column":100}},"type":"cond-expr","locations":[{"start":{"line":64,"column":54},"end":{"line":64,"column":95}},{"start":{"line":64,"column":98},"end":{"line":64,"column":100}}],"line":64},"4":{"loc":{"start":{"line":66,"column":8},"end":{"line":66,"column":83}},"type":"if","locations":[{"start":{"line":66,"column":8},"end":{"line":66,"column":83}},{"start":{},"end":{}}],"line":66},"5":{"loc":{"start":{"line":68,"column":8},"end":{"line":69,"column":89}},"type":"if","locations":[{"start":{"line":68,"column":8},"end":{"line":69,"column":89}},{"start":{"line":69,"column":14},"end":{"line":69,"column":89}}],"line":68}},"s":{"0":7,"1":7,"2":7,"3":7,"4":7,"5":7,"6":7,"7":7,"8":7,"9":7,"10":3,"11":3,"12":3,"13":3,"14":2,"15":3,"16":3,"17":7,"18":3,"19":2,"20":2,"21":1,"22":1,"23":1,"24":0,"25":0,"26":0,"27":0,"28":0,"29":0,"30":0,"31":0,"32":0,"33":0,"34":0,"35":0,"36":0,"37":0,"38":0,"39":30,"40":2,"41":4,"42":4,"43":0,"44":0,"45":0},"f":{"0":7,"1":3,"2":3,"3":3,"4":3,"5":2,"6":3,"7":3,"8":3,"9":30,"10":2,"11":4,"12":4,"13":0,"14":0,"15":0},"b":{"0":[2,1],"1":[3,3,2,2,2,2,2,2,1,1,1,1,1,1],"2":[1,0],"3":[0,0],"4":[0,0],"5":[0,0]},"_coverageSchema":"1a1c01bbd47fc00a2c39e90264f33305004495a9","hash":"61d111248fb52855553a22888ef74a2352dd6e01"}
,"C:\\Users\\sandyliu\\Desktop\\hw4\\src\\components\\main\\following.js": {"path":"C:\\Users\\sandyliu\\Desktop\\hw4\\src\\components\\main\\following.js","statementMap":{"0":{"start":{"line":7,"column":20},"end":{"line":7,"column":36}},"1":{"start":{"line":8,"column":21},"end":{"line":8,"column":49}},"2":{"start":{"line":9,"column":8},"end":{"line":12,"column":10}},"3":{"start":{"line":10,"column":24},"end":{"line":10,"column":58}},"4":{"start":{"line":10,"column":43},"end":{"line":10,"column":57}},"5":{"start":{"line":11,"column":12},"end":{"line":11,"column":36}},"6":{"start":{"line":13,"column":8},"end":{"line":13,"column":41}},"7":{"start":{"line":17,"column":8},"end":{"line":17,"column":21}},"8":{"start":{"line":18,"column":8},"end":{"line":18,"column":39}},"9":{"start":{"line":19,"column":8},"end":{"line":19,"column":33}},"10":{"start":{"line":21,"column":8},"end":{"line":21,"column":61}},"11":{"start":{"line":22,"column":8},"end":{"line":22,"column":71}},"12":{"start":{"line":23,"column":8},"end":{"line":23,"column":65}},"13":{"start":{"line":27,"column":8},"end":{"line":27,"column":55}},"14":{"start":{"line":31,"column":8},"end":{"line":52,"column":9}},"15":{"start":{"line":31,"column":18},"end":{"line":31,"column":19}},"16":{"start":{"line":32,"column":12},"end":{"line":51,"column":13}},"17":{"start":{"line":33,"column":29},"end":{"line":33,"column":80}},"18":{"start":{"line":34,"column":20},"end":{"line":36,"column":23}},"19":{"start":{"line":37,"column":16},"end":{"line":45,"column":17}},"20":{"start":{"line":37,"column":29},"end":{"line":37,"column":30}},"21":{"start":{"line":38,"column":20},"end":{"line":44,"column":22}},"22":{"start":{"line":46,"column":16},"end":{"line":46,"column":44}},"23":{"start":{"line":47,"column":16},"end":{"line":47,"column":22}},"24":{"start":{"line":50,"column":16},"end":{"line":50,"column":63}},"25":{"start":{"line":55,"column":8},"end":{"line":55,"column":49}},"26":{"start":{"line":58,"column":8},"end":{"line":86,"column":9}},"27":{"start":{"line":61,"column":20},"end":{"line":74,"column":21}},"28":{"start":{"line":92,"column":8},"end":{"line":97,"column":9}},"29":{"start":{"line":100,"column":8},"end":{"line":105,"column":9}},"30":{"start":{"line":101,"column":39},"end":{"line":101,"column":70}},"31":{"start":{"line":102,"column":35},"end":{"line":102,"column":62}},"32":{"start":{"line":103,"column":38},"end":{"line":103,"column":68}},"33":{"start":{"line":104,"column":31},"end":{"line":104,"column":54}}},"fnMap":{"0":{"name":"(anonymous_0)","decl":{"start":{"line":6,"column":4},"end":{"line":6,"column":5}},"loc":{"start":{"line":6,"column":24},"end":{"line":14,"column":5}},"line":6},"1":{"name":"(anonymous_1)","decl":{"start":{"line":9,"column":30},"end":{"line":9,"column":31}},"loc":{"start":{"line":9,"column":39},"end":{"line":12,"column":9}},"line":9},"2":{"name":"(anonymous_2)","decl":{"start":{"line":10,"column":38},"end":{"line":10,"column":39}},"loc":{"start":{"line":10,"column":43},"end":{"line":10,"column":57}},"line":10},"3":{"name":"(anonymous_3)","decl":{"start":{"line":16,"column":4},"end":{"line":16,"column":5}},"loc":{"start":{"line":16,"column":24},"end":{"line":24,"column":5}},"line":16},"4":{"name":"(anonymous_4)","decl":{"start":{"line":26,"column":4},"end":{"line":26,"column":5}},"loc":{"start":{"line":26,"column":29},"end":{"line":28,"column":5}},"line":26},"5":{"name":"(anonymous_5)","decl":{"start":{"line":30,"column":4},"end":{"line":30,"column":5}},"loc":{"start":{"line":30,"column":23},"end":{"line":53,"column":5}},"line":30},"6":{"name":"(anonymous_6)","decl":{"start":{"line":54,"column":4},"end":{"line":54,"column":5}},"loc":{"start":{"line":54,"column":24},"end":{"line":56,"column":5}},"line":54},"7":{"name":"(anonymous_7)","decl":{"start":{"line":57,"column":4},"end":{"line":57,"column":5}},"loc":{"start":{"line":57,"column":13},"end":{"line":87,"column":5}},"line":57},"8":{"name":"(anonymous_8)","decl":{"start":{"line":60,"column":45},"end":{"line":60,"column":46}},"loc":{"start":{"line":60,"column":58},"end":{"line":75,"column":17}},"line":60},"9":{"name":"(anonymous_9)","decl":{"start":{"line":91,"column":4},"end":{"line":91,"column":5}},"loc":{"start":{"line":91,"column":15},"end":{"line":98,"column":5}},"line":91},"10":{"name":"(anonymous_10)","decl":{"start":{"line":99,"column":4},"end":{"line":99,"column":5}},"loc":{"start":{"line":99,"column":18},"end":{"line":106,"column":5}},"line":99},"11":{"name":"(anonymous_11)","decl":{"start":{"line":101,"column":28},"end":{"line":101,"column":29}},"loc":{"start":{"line":101,"column":39},"end":{"line":101,"column":70}},"line":101},"12":{"name":"(anonymous_12)","decl":{"start":{"line":102,"column":25},"end":{"line":102,"column":26}},"loc":{"start":{"line":102,"column":35},"end":{"line":102,"column":62}},"line":102},"13":{"name":"(anonymous_13)","decl":{"start":{"line":103,"column":28},"end":{"line":103,"column":29}},"loc":{"start":{"line":103,"column":38},"end":{"line":103,"column":68}},"line":103},"14":{"name":"(anonymous_14)","decl":{"start":{"line":104,"column":21},"end":{"line":104,"column":22}},"loc":{"start":{"line":104,"column":31},"end":{"line":104,"column":54}},"line":104}},"branchMap":{"0":{"loc":{"start":{"line":32,"column":12},"end":{"line":51,"column":13}},"type":"if","locations":[{"start":{"line":32,"column":12},"end":{"line":51,"column":13}},{"start":{"line":49,"column":14},"end":{"line":51,"column":13}}],"line":32}},"s":{"0":4,"1":4,"2":4,"3":20,"4":0,"5":20,"6":4,"7":6,"8":4,"9":4,"10":4,"11":4,"12":4,"13":1,"14":3,"15":3,"16":14,"17":2,"18":2,"19":2,"20":2,"21":20,"22":2,"23":2,"24":12,"25":0,"26":12,"27":5,"28":30,"29":4,"30":4,"31":2,"32":0,"33":20},"f":{"0":4,"1":20,"2":0,"3":6,"4":1,"5":3,"6":0,"7":12,"8":5,"9":30,"10":4,"11":4,"12":2,"13":0,"14":20},"b":{"0":[2,12]},"_coverageSchema":"1a1c01bbd47fc00a2c39e90264f33305004495a9","hash":"abdef3b38ec8a0923bec4f6f3dce0f531df198c4"}
,"C:\\Users\\sandyliu\\Desktop\\hw4\\src\\components\\main\\headline.js": {"path":"C:\\Users\\sandyliu\\Desktop\\hw4\\src\\components\\main\\headline.js","statementMap":{"0":{"start":{"line":6,"column":10},"end":{"line":6,"column":23}},"1":{"start":{"line":7,"column":22},"end":{"line":11,"column":5}},"2":{"start":{"line":8,"column":27},"end":{"line":8,"column":31}},"3":{"start":{"line":9,"column":8},"end":{"line":9,"column":51}},"4":{"start":{"line":10,"column":8},"end":{"line":10,"column":52}},"5":{"start":{"line":13,"column":8},"end":{"line":25,"column":9}},"6":{"start":{"line":19,"column":65},"end":{"line":19,"column":84}},"7":{"start":{"line":30,"column":8},"end":{"line":32,"column":9}},"8":{"start":{"line":35,"column":8},"end":{"line":37,"column":9}},"9":{"start":{"line":36,"column":39},"end":{"line":36,"column":73}}},"fnMap":{"0":{"name":"(anonymous_0)","decl":{"start":{"line":7,"column":22},"end":{"line":7,"column":23}},"loc":{"start":{"line":7,"column":26},"end":{"line":11,"column":5}},"line":7},"1":{"name":"(anonymous_1)","decl":{"start":{"line":12,"column":4},"end":{"line":12,"column":5}},"loc":{"start":{"line":12,"column":12},"end":{"line":26,"column":5}},"line":12},"2":{"name":"(anonymous_2)","decl":{"start":{"line":19,"column":60},"end":{"line":19,"column":61}},"loc":{"start":{"line":19,"column":65},"end":{"line":19,"column":84}},"line":19},"3":{"name":"(anonymous_3)","decl":{"start":{"line":29,"column":4},"end":{"line":29,"column":5}},"loc":{"start":{"line":29,"column":15},"end":{"line":33,"column":5}},"line":29},"4":{"name":"(anonymous_4)","decl":{"start":{"line":34,"column":4},"end":{"line":34,"column":5}},"loc":{"start":{"line":34,"column":18},"end":{"line":38,"column":5}},"line":34},"5":{"name":"(anonymous_5)","decl":{"start":{"line":36,"column":27},"end":{"line":36,"column":28}},"loc":{"start":{"line":36,"column":39},"end":{"line":36,"column":73}},"line":36}},"branchMap":{},"s":{"0":2,"1":2,"2":0,"3":0,"4":0,"5":2,"6":2,"7":4,"8":2,"9":0},"f":{"0":0,"1":2,"2":2,"3":4,"4":2,"5":0},"b":{},"_coverageSchema":"1a1c01bbd47fc00a2c39e90264f33305004495a9","hash":"e0b995ec9e274c9387527c42df5974875bbf21e6"}
,"C:\\Users\\sandyliu\\Desktop\\hw4\\src\\components\\main\\main.js": {"path":"C:\\Users\\sandyliu\\Desktop\\hw4\\src\\components\\main\\main.js","statementMap":{"0":{"start":{"line":8,"column":20},"end":{"line":29,"column":1}},"1":{"start":{"line":9,"column":4},"end":{"line":28,"column":10}}},"fnMap":{"0":{"name":"(anonymous_0)","decl":{"start":{"line":8,"column":20},"end":{"line":8,"column":21}},"loc":{"start":{"line":9,"column":4},"end":{"line":28,"column":10}},"line":9}},"branchMap":{},"s":{"0":1,"1":2},"f":{"0":2},"b":{},"_coverageSchema":"1a1c01bbd47fc00a2c39e90264f33305004495a9","hash":"a9631cc0d077d2d60da73bf4f46df208ea6fdc2a"}
,"C:\\Users\\sandyliu\\Desktop\\hw4\\src\\components\\main\\navigation.js": {"path":"C:\\Users\\sandyliu\\Desktop\\hw4\\src\\components\\main\\navigation.js","statementMap":{"0":{"start":{"line":7,"column":11},"end":{"line":11,"column":5}},"1":{"start":{"line":8,"column":8},"end":{"line":8,"column":47}},"2":{"start":{"line":9,"column":8},"end":{"line":9,"column":45}},"3":{"start":{"line":10,"column":8},"end":{"line":10,"column":34}},"4":{"start":{"line":13,"column":8},"end":{"line":29,"column":9}},"5":{"start":{"line":34,"column":8},"end":{"line":37,"column":9}},"6":{"start":{"line":40,"column":8},"end":{"line":42,"column":9}},"7":{"start":{"line":41,"column":32},"end":{"line":41,"column":56}}},"fnMap":{"0":{"name":"(anonymous_0)","decl":{"start":{"line":7,"column":11},"end":{"line":7,"column":12}},"loc":{"start":{"line":7,"column":16},"end":{"line":11,"column":5}},"line":7},"1":{"name":"(anonymous_1)","decl":{"start":{"line":12,"column":4},"end":{"line":12,"column":5}},"loc":{"start":{"line":12,"column":13},"end":{"line":30,"column":5}},"line":12},"2":{"name":"(anonymous_2)","decl":{"start":{"line":33,"column":4},"end":{"line":33,"column":5}},"loc":{"start":{"line":33,"column":15},"end":{"line":38,"column":5}},"line":33},"3":{"name":"(anonymous_3)","decl":{"start":{"line":39,"column":4},"end":{"line":39,"column":5}},"loc":{"start":{"line":39,"column":18},"end":{"line":43,"column":5}},"line":39},"4":{"name":"(anonymous_4)","decl":{"start":{"line":41,"column":26},"end":{"line":41,"column":27}},"loc":{"start":{"line":41,"column":32},"end":{"line":41,"column":56}},"line":41}},"branchMap":{},"s":{"0":4,"1":1,"2":1,"3":1,"4":5,"5":7,"6":4,"7":1},"f":{"0":1,"1":5,"2":7,"3":4,"4":1},"b":{},"_coverageSchema":"1a1c01bbd47fc00a2c39e90264f33305004495a9","hash":"9f64af4192163143313d0ca244d991537d4dfcb9"}
,"C:\\Users\\sandyliu\\Desktop\\hw4\\src\\components\\profile\\myself.js": {"path":"C:\\Users\\sandyliu\\Desktop\\hw4\\src\\components\\profile\\myself.js","statementMap":{"0":{"start":{"line":4,"column":22},"end":{"line":11,"column":1}},"1":{"start":{"line":5,"column":4},"end":{"line":10,"column":10}}},"fnMap":{"0":{"name":"(anonymous_0)","decl":{"start":{"line":4,"column":22},"end":{"line":4,"column":23}},"loc":{"start":{"line":5,"column":4},"end":{"line":10,"column":10}},"line":5}},"branchMap":{},"s":{"0":3,"1":2},"f":{"0":2},"b":{},"_coverageSchema":"1a1c01bbd47fc00a2c39e90264f33305004495a9","hash":"f2ca13abfd43c9f3c972115248180b304f762d03"}
,"C:\\Users\\sandyliu\\Desktop\\hw4\\src\\components\\profile\\profile.js": {"path":"C:\\Users\\sandyliu\\Desktop\\hw4\\src\\components\\profile\\profile.js","statementMap":{"0":{"start":{"line":9,"column":8},"end":{"line":18,"column":9}},"1":{"start":{"line":23,"column":8},"end":{"line":25,"column":9}},"2":{"start":{"line":28,"column":8},"end":{"line":30,"column":9}},"3":{"start":{"line":29,"column":32},"end":{"line":29,"column":56}}},"fnMap":{"0":{"name":"(anonymous_0)","decl":{"start":{"line":8,"column":4},"end":{"line":8,"column":5}},"loc":{"start":{"line":8,"column":13},"end":{"line":19,"column":5}},"line":8},"1":{"name":"(anonymous_1)","decl":{"start":{"line":22,"column":4},"end":{"line":22,"column":5}},"loc":{"start":{"line":22,"column":15},"end":{"line":26,"column":5}},"line":22},"2":{"name":"(anonymous_2)","decl":{"start":{"line":27,"column":4},"end":{"line":27,"column":5}},"loc":{"start":{"line":27,"column":18},"end":{"line":31,"column":5}},"line":27},"3":{"name":"(anonymous_3)","decl":{"start":{"line":29,"column":26},"end":{"line":29,"column":27}},"loc":{"start":{"line":29,"column":32},"end":{"line":29,"column":56}},"line":29}},"branchMap":{},"s":{"0":1,"1":1,"2":1,"3":0},"f":{"0":1,"1":1,"2":1,"3":0},"b":{},"_coverageSchema":"1a1c01bbd47fc00a2c39e90264f33305004495a9","hash":"174b9026de512f0c51b329e8bd69d64e0a2acf26"}
,"C:\\Users\\sandyliu\\Desktop\\hw4\\src\\components\\profile\\profileForm.js": {"path":"C:\\Users\\sandyliu\\Desktop\\hw4\\src\\components\\profile\\profileForm.js","statementMap":{"0":{"start":{"line":5,"column":10},"end":{"line":5,"column":197}},"1":{"start":{"line":6,"column":17},"end":{"line":11,"column":133}},"2":{"start":{"line":7,"column":61},"end":{"line":7,"column":65}},"3":{"start":{"line":8,"column":8},"end":{"line":10,"column":112}},"4":{"start":{"line":9,"column":9},"end":{"line":9,"column":53}},"5":{"start":{"line":9,"column":53},"end":{"line":9,"column":65}},"6":{"start":{"line":10,"column":13},"end":{"line":10,"column":112}},"7":{"start":{"line":10,"column":43},"end":{"line":10,"column":99}},"8":{"start":{"line":10,"column":99},"end":{"line":10,"column":111}},"9":{"start":{"line":11,"column":12},"end":{"line":11,"column":132}},"10":{"start":{"line":13,"column":4},"end":{"line":111,"column":5}},"11":{"start":{"line":17,"column":42},"end":{"line":17,"column":62}},"12":{"start":{"line":24,"column":37},"end":{"line":24,"column":50}},"13":{"start":{"line":30,"column":37},"end":{"line":30,"column":50}},"14":{"start":{"line":36,"column":37},"end":{"line":36,"column":49}},"15":{"start":{"line":42,"column":37},"end":{"line":42,"column":50}},"16":{"start":{"line":48,"column":37},"end":{"line":48,"column":53}},"17":{"start":{"line":53,"column":72},"end":{"line":53,"column":84}},"18":{"start":{"line":58,"column":72},"end":{"line":58,"column":84}},"19":{"start":{"line":117,"column":8},"end":{"line":119,"column":9}}},"fnMap":{"0":{"name":"(anonymous_0)","decl":{"start":{"line":6,"column":17},"end":{"line":6,"column":18}},"loc":{"start":{"line":6,"column":22},"end":{"line":11,"column":133}},"line":6},"1":{"name":"(anonymous_1)","decl":{"start":{"line":12,"column":0},"end":{"line":12,"column":1}},"loc":{"start":{"line":12,"column":8},"end":{"line":112,"column":1}},"line":12},"2":{"name":"(anonymous_2)","decl":{"start":{"line":17,"column":32},"end":{"line":17,"column":33}},"loc":{"start":{"line":17,"column":41},"end":{"line":17,"column":63}},"line":17},"3":{"name":"(anonymous_3)","decl":{"start":{"line":24,"column":32},"end":{"line":24,"column":33}},"loc":{"start":{"line":24,"column":37},"end":{"line":24,"column":50}},"line":24},"4":{"name":"(anonymous_4)","decl":{"start":{"line":30,"column":32},"end":{"line":30,"column":33}},"loc":{"start":{"line":30,"column":37},"end":{"line":30,"column":50}},"line":30},"5":{"name":"(anonymous_5)","decl":{"start":{"line":36,"column":32},"end":{"line":36,"column":33}},"loc":{"start":{"line":36,"column":37},"end":{"line":36,"column":49}},"line":36},"6":{"name":"(anonymous_6)","decl":{"start":{"line":42,"column":32},"end":{"line":42,"column":33}},"loc":{"start":{"line":42,"column":37},"end":{"line":42,"column":50}},"line":42},"7":{"name":"(anonymous_7)","decl":{"start":{"line":48,"column":32},"end":{"line":48,"column":33}},"loc":{"start":{"line":48,"column":37},"end":{"line":48,"column":53}},"line":48},"8":{"name":"(anonymous_8)","decl":{"start":{"line":53,"column":67},"end":{"line":53,"column":68}},"loc":{"start":{"line":53,"column":72},"end":{"line":53,"column":84}},"line":53},"9":{"name":"(anonymous_9)","decl":{"start":{"line":58,"column":67},"end":{"line":58,"column":68}},"loc":{"start":{"line":58,"column":72},"end":{"line":58,"column":84}},"line":58},"10":{"name":"(anonymous_10)","decl":{"start":{"line":116,"column":4},"end":{"line":116,"column":5}},"loc":{"start":{"line":116,"column":15},"end":{"line":120,"column":5}},"line":116}},"branchMap":{"0":{"loc":{"start":{"line":8,"column":8},"end":{"line":10,"column":112}},"type":"if","locations":[{"start":{"line":8,"column":8},"end":{"line":10,"column":112}},{"start":{"line":10,"column":13},"end":{"line":10,"column":112}}],"line":8},"1":{"loc":{"start":{"line":8,"column":11},"end":{"line":8,"column":212}},"type":"binary-expr","locations":[{"start":{"line":8,"column":11},"end":{"line":8,"column":48}},{"start":{"line":8,"column":50},"end":{"line":8,"column":89}},{"start":{"line":8,"column":91},"end":{"line":8,"column":130}},{"start":{"line":8,"column":132},"end":{"line":8,"column":175}},{"start":{"line":8,"column":177},"end":{"line":8,"column":212}}],"line":8},"2":{"loc":{"start":{"line":10,"column":13},"end":{"line":10,"column":112}},"type":"if","locations":[{"start":{"line":10,"column":13},"end":{"line":10,"column":112}},{"start":{},"end":{}}],"line":10}},"s":{"0":2,"1":2,"2":0,"3":0,"4":0,"5":0,"6":0,"7":0,"8":0,"9":0,"10":2,"11":0,"12":2,"13":2,"14":2,"15":2,"16":2,"17":2,"18":2,"19":2},"f":{"0":0,"1":2,"2":0,"3":2,"4":2,"5":2,"6":2,"7":2,"8":2,"9":2,"10":2},"b":{"0":[0,0],"1":[0,0,0,0,0],"2":[0,0]},"_coverageSchema":"1a1c01bbd47fc00a2c39e90264f33305004495a9","hash":"40e8df972548260f8a7edf8169b48820b45963c5"}
,"C:\\Users\\sandyliu\\Desktop\\hw4\\src\\components\\storage\\initFetch.js": {"path":"C:\\Users\\sandyliu\\Desktop\\hw4\\src\\components\\storage\\initFetch.js","statementMap":{"0":{"start":{"line":3,"column":14},"end":{"line":3,"column":18}},"1":{"start":{"line":4,"column":16},"end":{"line":4,"column":45}},"2":{"start":{"line":5,"column":16},"end":{"line":5,"column":45}},"3":{"start":{"line":6,"column":4},"end":{"line":35,"column":9}},"4":{"start":{"line":7,"column":8},"end":{"line":30,"column":9}},"5":{"start":{"line":8,"column":20},"end":{"line":8,"column":30}},"6":{"start":{"line":10,"column":24},"end":{"line":10,"column":26}},"7":{"start":{"line":11,"column":12},"end":{"line":26,"column":13}},"8":{"start":{"line":11,"column":25},"end":{"line":11,"column":26}},"9":{"start":{"line":12,"column":26},"end":{"line":24,"column":17}},"10":{"start":{"line":25,"column":16},"end":{"line":25,"column":32}},"11":{"start":{"line":27,"column":16},"end":{"line":27,"column":68}},"12":{"start":{"line":28,"column":16},"end":{"line":28,"column":44}},"13":{"start":{"line":33,"column":12},"end":{"line":33,"column":52}},"14":{"start":{"line":36,"column":0},"end":{"line":47,"column":1}},"15":{"start":{"line":38,"column":4},"end":{"line":43,"column":11}},"16":{"start":{"line":39,"column":21},"end":{"line":39,"column":31}},"17":{"start":{"line":41,"column":12},"end":{"line":41,"column":59}},"18":{"start":{"line":41,"column":48},"end":{"line":41,"column":56}},"19":{"start":{"line":42,"column":12},"end":{"line":42,"column":83}},"20":{"start":{"line":42,"column":72},"end":{"line":42,"column":80}},"21":{"start":{"line":46,"column":4},"end":{"line":46,"column":43}},"22":{"start":{"line":50,"column":16},"end":{"line":50,"column":20}},"23":{"start":{"line":51,"column":16},"end":{"line":51,"column":75}},"24":{"start":{"line":51,"column":48},"end":{"line":51,"column":74}},"25":{"start":{"line":52,"column":4},"end":{"line":52,"column":28}}},"fnMap":{"0":{"name":"initFetch","decl":{"start":{"line":2,"column":16},"end":{"line":2,"column":25}},"loc":{"start":{"line":2,"column":31},"end":{"line":48,"column":1}},"line":2},"1":{"name":"(anonymous_1)","decl":{"start":{"line":8,"column":13},"end":{"line":8,"column":14}},"loc":{"start":{"line":8,"column":20},"end":{"line":8,"column":30}},"line":8},"2":{"name":"(anonymous_2)","decl":{"start":{"line":9,"column":13},"end":{"line":9,"column":14}},"loc":{"start":{"line":9,"column":20},"end":{"line":29,"column":9}},"line":9},"3":{"name":"(anonymous_3)","decl":{"start":{"line":39,"column":14},"end":{"line":39,"column":15}},"loc":{"start":{"line":39,"column":21},"end":{"line":39,"column":31}},"line":39},"4":{"name":"(anonymous_4)","decl":{"start":{"line":40,"column":14},"end":{"line":40,"column":15}},"loc":{"start":{"line":40,"column":21},"end":{"line":43,"column":9}},"line":40},"5":{"name":"(anonymous_5)","decl":{"start":{"line":41,"column":41},"end":{"line":41,"column":42}},"loc":{"start":{"line":41,"column":48},"end":{"line":41,"column":56}},"line":41},"6":{"name":"(anonymous_6)","decl":{"start":{"line":42,"column":65},"end":{"line":42,"column":66}},"loc":{"start":{"line":42,"column":72},"end":{"line":42,"column":80}},"line":42},"7":{"name":"checkExist","decl":{"start":{"line":49,"column":16},"end":{"line":49,"column":26}},"loc":{"start":{"line":49,"column":43},"end":{"line":53,"column":1}},"line":49},"8":{"name":"(anonymous_8)","decl":{"start":{"line":51,"column":41},"end":{"line":51,"column":42}},"loc":{"start":{"line":51,"column":48},"end":{"line":51,"column":74}},"line":51}},"branchMap":{"0":{"loc":{"start":{"line":6,"column":4},"end":{"line":35,"column":9}},"type":"if","locations":[{"start":{"line":6,"column":4},"end":{"line":35,"column":9}},{"start":{"line":32,"column":13},"end":{"line":35,"column":9}}],"line":6},"1":{"loc":{"start":{"line":36,"column":0},"end":{"line":47,"column":1}},"type":"if","locations":[{"start":{"line":36,"column":0},"end":{"line":47,"column":1}},{"start":{"line":45,"column":7},"end":{"line":47,"column":1}}],"line":36}},"s":{"0":4,"1":4,"2":4,"3":4,"4":4,"5":0,"6":0,"7":0,"8":0,"9":0,"10":0,"11":0,"12":0,"13":0,"14":4,"15":4,"16":0,"17":0,"18":0,"19":0,"20":0,"21":0,"22":0,"23":0,"24":0,"25":0},"f":{"0":4,"1":0,"2":0,"3":0,"4":0,"5":0,"6":0,"7":0,"8":0},"b":{"0":[4,0],"1":[4,0]},"_coverageSchema":"1a1c01bbd47fc00a2c39e90264f33305004495a9","hash":"d9b58e844cd35a5b369a5ef56508e7bbc2739f86"}
}
