TN:
SF:src\App.js
FN:11,(anonymous_0)
FN:16,(anonymous_1)
FN:19,(anonymous_2)
FN:22,(anonymous_3)
FN:26,(anonymous_4)
FN:39,(anonymous_5)
FNF:6
FNH:4
FNDA:5,(anonymous_0)
FNDA:4,(anonymous_1)
FNDA:0,(anonymous_2)
FNDA:2,(anonymous_3)
FNDA:0,(anonymous_4)
FNDA:7,(anonymous_5)
DA:12,5
DA:17,4
DA:20,0
DA:23,2
DA:27,0
DA:40,7
LF:6
LH:4
BRDA:17,0,0,1
BRDA:17,0,1,3
BRDA:20,1,0,0
BRDA:20,1,1,0
BRDA:23,2,0,2
BRDA:23,2,1,0
BRDA:27,3,0,0
BRDA:27,3,1,0
BRF:8
BRH:3
end_of_record
TN:
SF:src\actions.js
FN:12,getPosts
FN:15,updateHeadline
FN:18,changeStatus
FN:21,getUsers
FN:24,updateUsers
FN:27,newUser
FN:30,updateFollower
FN:34,addFollower
FN:38,removeFollower
FN:41,NewPost
FN:44,updatePost
FNF:11
FNH:11
FNDA:2,getPosts
FNDA:1,updateHeadline
FNDA:7,changeStatus
FNDA:10,getUsers
FNDA:18,updateUsers
FNDA:1,newUser
FNDA:5,updateFollower
FNDA:6,addFollower
FNDA:1,removeFollower
FNDA:22,NewPost
FNDA:3,updatePost
DA:1,11
DA:2,11
DA:3,11
DA:4,11
DA:5,11
DA:6,11
DA:7,11
DA:8,11
DA:9,11
DA:10,11
DA:11,11
DA:13,2
DA:16,1
DA:19,7
DA:22,10
DA:25,18
DA:28,1
DA:31,5
DA:35,6
DA:39,1
DA:42,22
DA:45,3
LF:22
LH:22
BRF:0
BRH:0
end_of_record
TN:
SF:src\index.js
FNF:0
FNH:0
DA:11,0
DA:14,0
DA:15,0
DA:16,0
LF:4
LH:0
BRF:0
BRH:0
end_of_record
TN:
SF:src\reducers.js
FN:30,Reducer
FN:55,(anonymous_1)
FN:56,(anonymous_2)
FN:71,updateUserInfoToLocalStorage
FNF:4
FNH:4
FNDA:98,Reducer
FNDA:2,(anonymous_1)
FNDA:1,(anonymous_2)
FNDA:1,updateUserInfoToLocalStorage
DA:13,11
DA:31,98
DA:33,3
DA:35,22
DA:37,1
DA:38,1
DA:39,1
DA:40,1
DA:41,1
DA:42,1
DA:43,1
DA:46,1
DA:47,1
DA:49,5
DA:51,6
DA:52,0
DA:54,1
DA:55,2
DA:56,1
DA:58,1
DA:60,2
DA:62,9
DA:64,10
DA:66,18
DA:68,20
DA:72,1
DA:73,1
LF:27
LH:26
BRDA:30,0,0,40
BRDA:31,1,0,3
BRDA:31,1,1,22
BRDA:31,1,2,1
BRDA:31,1,3,5
BRDA:31,1,4,6
BRDA:31,1,5,1
BRDA:31,1,6,1
BRDA:31,1,7,2
BRDA:31,1,8,9
BRDA:31,1,9,10
BRDA:31,1,10,18
BRDA:31,1,11,20
BRDA:41,2,0,1
BRDA:41,2,1,0
BRF:15
BRH:14
end_of_record
TN:
SF:src\components\article\addArticle.js
FN:5,(anonymous_0)
FN:15,(anonymous_1)
FN:19,(anonymous_2)
FN:30,(anonymous_3)
FN:33,(anonymous_4)
FN:59,(anonymous_5)
FN:65,(anonymous_6)
FN:67,(anonymous_7)
FN:68,(anonymous_8)
FNF:9
FNH:8
FNDA:3,(anonymous_0)
FNDA:1,(anonymous_1)
FNDA:1,(anonymous_2)
FNDA:2,(anonymous_3)
FNDA:6,(anonymous_4)
FNDA:6,(anonymous_5)
FNDA:3,(anonymous_6)
FNDA:1,(anonymous_7)
FNDA:0,(anonymous_8)
DA:6,3
DA:7,3
DA:10,3
DA:11,3
DA:12,3
DA:16,1
DA:20,1
DA:21,1
DA:28,1
DA:31,2
DA:34,6
DA:60,6
DA:66,3
DA:67,1
DA:68,0
LF:15
LH:14
BRF:0
BRH:0
end_of_record
TN:
SF:src\components\article\article.js
FN:6,(anonymous_0)
FNF:1
FNH:1
FNDA:3,(anonymous_0)
DA:6,1
DA:7,3
LF:2
LH:2
BRF:0
BRH:0
end_of_record
TN:
SF:src\components\article\articlesView.js
FN:5,(anonymous_0)
FN:12,(anonymous_1)
FN:13,(anonymous_2)
FN:48,(anonymous_3)
FN:68,(anonymous_4)
FN:71,(anonymous_5)
FN:77,(anonymous_6)
FN:124,checkContainsKeyword
FN:130,(anonymous_8)
FN:139,(anonymous_9)
FN:141,(anonymous_10)
FN:142,(anonymous_11)
FNF:12
FNH:9
FNDA:3,(anonymous_0)
FNDA:0,(anonymous_1)
FNDA:0,(anonymous_2)
FNDA:5,(anonymous_3)
FNDA:1,(anonymous_4)
FNDA:7,(anonymous_5)
FNDA:40,(anonymous_6)
FNDA:40,checkContainsKeyword
FNDA:7,(anonymous_8)
FNDA:3,(anonymous_9)
FNDA:0,(anonymous_10)
FNDA:1,(anonymous_11)
DA:6,3
DA:7,1
DA:8,1
DA:9,1
DA:10,0
DA:11,0
DA:12,0
DA:13,0
DA:14,0
DA:17,1
DA:18,1
DA:19,1
DA:20,1
DA:21,10
DA:22,10
DA:23,10
DA:24,10
DA:31,10
DA:32,10
DA:33,10
DA:34,10
DA:35,10
DA:36,10
DA:45,1
DA:49,5
DA:50,3
DA:65,3
DA:69,1
DA:72,7
DA:78,40
DA:79,40
DA:80,40
DA:81,128
DA:82,128
DA:84,40
DA:85,20
DA:86,20
DA:87,20
DA:88,20
DA:90,20
DA:91,20
DA:105,0
DA:125,40
DA:126,20
DA:127,20
DA:131,7
DA:140,3
DA:141,0
DA:142,1
LF:49
LH:42
BRDA:6,0,0,1
BRDA:6,0,1,2
BRDA:9,1,0,0
BRDA:9,1,1,1
BRDA:84,2,0,20
BRDA:84,2,1,20
BRDA:87,3,0,20
BRDA:87,3,1,0
BRDA:90,4,0,20
BRDA:90,4,1,0
BRDA:125,5,0,20
BRDA:125,5,1,20
BRDA:126,6,0,0
BRDA:126,6,1,20
BRF:14
BRH:10
end_of_record
TN:
SF:src\components\auth\landing.js
FN:9,(anonymous_0)
FN:18,(anonymous_1)
FN:40,(anonymous_2)
FN:46,(anonymous_3)
FN:48,(anonymous_4)
FN:49,(anonymous_5)
FN:50,(anonymous_6)
FN:51,(anonymous_7)
FNF:8
FNH:4
FNDA:4,(anonymous_0)
FNDA:4,(anonymous_1)
FNDA:4,(anonymous_2)
FNDA:4,(anonymous_3)
FNDA:0,(anonymous_4)
FNDA:0,(anonymous_5)
FNDA:0,(anonymous_6)
FNDA:0,(anonymous_7)
DA:10,4
DA:11,4
DA:12,4
DA:13,4
DA:14,0
DA:15,0
DA:20,4
DA:41,4
DA:47,4
DA:48,0
DA:49,0
DA:50,0
DA:51,0
LF:13
LH:7
BRDA:13,0,0,0
BRDA:13,0,1,4
BRDA:13,1,0,4
BRDA:13,1,1,0
BRF:4
BRH:2
end_of_record
TN:
SF:src\components\auth\login.js
FN:7,(anonymous_0)
FN:12,(anonymous_1)
FN:29,(anonymous_2)
FN:33,(anonymous_3)
FN:37,(anonymous_4)
FN:43,(anonymous_5)
FN:67,(anonymous_6)
FN:74,(anonymous_7)
FN:76,(anonymous_8)
FN:77,(anonymous_9)
FNF:10
FNH:10
FNDA:7,(anonymous_0)
FNDA:3,(anonymous_1)
FNDA:3,(anonymous_2)
FNDA:3,(anonymous_3)
FNDA:17,(anonymous_4)
FNDA:2,(anonymous_5)
FNDA:10,(anonymous_6)
FNDA:7,(anonymous_7)
FNDA:1,(anonymous_8)
FNDA:1,(anonymous_9)
DA:6,7
DA:8,7
DA:9,7
DA:10,7
DA:12,7
DA:14,3
DA:15,1
DA:16,2
DA:17,2
DA:18,4
DA:20,1
DA:21,1
DA:22,1
DA:23,1
DA:26,2
DA:30,3
DA:34,3
DA:38,17
DA:43,2
DA:68,10
DA:75,7
DA:76,1
DA:77,1
LF:23
LH:23
BRDA:14,0,0,1
BRDA:14,0,1,2
BRDA:14,1,0,3
BRDA:14,1,1,2
BRDA:16,2,0,2
BRDA:16,2,1,0
BRDA:16,3,0,2
BRDA:16,3,1,2
BRDA:16,3,2,2
BRDA:16,3,3,2
BRDA:18,4,0,1
BRDA:18,4,1,3
BRDA:18,5,0,4
BRDA:18,5,1,1
BRF:14
BRH:13
end_of_record
TN:
SF:src\components\auth\register.js
FN:9,(anonymous_0)
FN:20,(anonymous_1)
FN:24,(anonymous_2)
FN:28,(anonymous_3)
FN:32,(anonymous_4)
FN:36,(anonymous_5)
FN:40,(anonymous_6)
FN:44,(anonymous_7)
FN:48,(anonymous_8)
FN:71,(anonymous_9)
FN:76,(anonymous_10)
FN:112,(anonymous_11)
FN:118,(anonymous_12)
FN:119,(anonymous_13)
FN:119,(anonymous_14)
FN:119,(anonymous_15)
FNF:16
FNH:13
FNDA:7,(anonymous_0)
FNDA:3,(anonymous_1)
FNDA:3,(anonymous_2)
FNDA:3,(anonymous_3)
FNDA:3,(anonymous_4)
FNDA:2,(anonymous_5)
FNDA:3,(anonymous_6)
FNDA:3,(anonymous_7)
FNDA:3,(anonymous_8)
FNDA:30,(anonymous_9)
FNDA:2,(anonymous_10)
FNDA:4,(anonymous_11)
FNDA:4,(anonymous_12)
FNDA:0,(anonymous_13)
FNDA:0,(anonymous_14)
FNDA:0,(anonymous_15)
DA:8,7
DA:10,7
DA:11,7
DA:12,7
DA:13,7
DA:14,7
DA:15,7
DA:16,7
DA:17,7
DA:18,7
DA:21,3
DA:25,3
DA:29,3
DA:33,3
DA:37,2
DA:41,3
DA:45,3
DA:48,7
DA:50,3
DA:57,2
DA:59,2
DA:60,1
DA:61,1
DA:62,1
DA:64,0
DA:65,0
DA:66,0
DA:67,0
DA:68,0
DA:69,0
DA:70,0
DA:72,30
DA:76,2
DA:113,4
DA:119,4
LF:35
LH:28
BRDA:50,0,0,2
BRDA:50,0,1,1
BRDA:50,1,0,3
BRDA:50,1,1,3
BRDA:50,1,2,2
BRDA:50,1,3,2
BRDA:50,1,4,2
BRDA:50,1,5,2
BRDA:50,1,6,2
BRDA:50,1,7,2
BRDA:50,1,8,1
BRDA:50,1,9,1
BRDA:50,1,10,1
BRDA:50,1,11,1
BRDA:50,1,12,1
BRDA:50,1,13,1
BRDA:60,2,0,1
BRDA:60,2,1,0
BRDA:64,3,0,0
BRDA:64,3,1,0
BRDA:66,4,0,0
BRDA:66,4,1,0
BRDA:68,5,0,0
BRDA:68,5,1,0
BRF:24
BRH:17
end_of_record
TN:
SF:src\components\main\following.js
FN:6,(anonymous_0)
FN:9,(anonymous_1)
FN:10,(anonymous_2)
FN:16,(anonymous_3)
FN:26,(anonymous_4)
FN:30,(anonymous_5)
FN:54,(anonymous_6)
FN:57,(anonymous_7)
FN:60,(anonymous_8)
FN:91,(anonymous_9)
FN:99,(anonymous_10)
FN:101,(anonymous_11)
FN:102,(anonymous_12)
FN:103,(anonymous_13)
FN:104,(anonymous_14)
FNF:15
FNH:12
FNDA:4,(anonymous_0)
FNDA:20,(anonymous_1)
FNDA:0,(anonymous_2)
FNDA:6,(anonymous_3)
FNDA:1,(anonymous_4)
FNDA:3,(anonymous_5)
FNDA:0,(anonymous_6)
FNDA:12,(anonymous_7)
FNDA:5,(anonymous_8)
FNDA:30,(anonymous_9)
FNDA:4,(anonymous_10)
FNDA:4,(anonymous_11)
FNDA:2,(anonymous_12)
FNDA:0,(anonymous_13)
FNDA:20,(anonymous_14)
DA:7,4
DA:8,4
DA:9,4
DA:10,20
DA:11,20
DA:13,4
DA:17,6
DA:18,4
DA:19,4
DA:21,4
DA:22,4
DA:23,4
DA:27,1
DA:31,3
DA:32,14
DA:33,2
DA:34,2
DA:37,2
DA:38,20
DA:46,2
DA:47,2
DA:50,12
DA:55,0
DA:58,12
DA:61,5
DA:92,30
DA:100,4
DA:101,4
DA:102,2
DA:103,0
DA:104,20
LF:31
LH:29
BRDA:32,0,0,2
BRDA:32,0,1,12
BRF:2
BRH:2
end_of_record
TN:
SF:src\components\main\headline.js
FN:7,(anonymous_0)
FN:12,(anonymous_1)
FN:19,(anonymous_2)
FN:29,(anonymous_3)
FN:34,(anonymous_4)
FN:36,(anonymous_5)
FNF:6
FNH:4
FNDA:0,(anonymous_0)
FNDA:2,(anonymous_1)
FNDA:2,(anonymous_2)
FNDA:4,(anonymous_3)
FNDA:2,(anonymous_4)
FNDA:0,(anonymous_5)
DA:6,2
DA:7,2
DA:8,0
DA:9,0
DA:10,0
DA:13,2
DA:19,2
DA:30,4
DA:35,2
DA:36,0
LF:10
LH:6
BRF:0
BRH:0
end_of_record
TN:
SF:src\components\main\main.js
FN:8,(anonymous_0)
FNF:1
FNH:1
FNDA:2,(anonymous_0)
DA:8,1
DA:9,2
LF:2
LH:2
BRF:0
BRH:0
end_of_record
TN:
SF:src\components\main\navigation.js
FN:7,(anonymous_0)
FN:12,(anonymous_1)
FN:33,(anonymous_2)
FN:39,(anonymous_3)
FN:41,(anonymous_4)
FNF:5
FNH:5
FNDA:1,(anonymous_0)
FNDA:5,(anonymous_1)
FNDA:7,(anonymous_2)
FNDA:4,(anonymous_3)
FNDA:1,(anonymous_4)
DA:7,4
DA:8,1
DA:9,1
DA:10,1
DA:13,5
DA:34,7
DA:40,4
DA:41,1
LF:8
LH:8
BRF:0
BRH:0
end_of_record
TN:
SF:src\components\profile\myself.js
FN:4,(anonymous_0)
FNF:1
FNH:1
FNDA:2,(anonymous_0)
DA:4,3
DA:5,2
LF:2
LH:2
BRF:0
BRH:0
end_of_record
TN:
SF:src\components\profile\profile.js
FN:8,(anonymous_0)
FN:22,(anonymous_1)
FN:27,(anonymous_2)
FN:29,(anonymous_3)
FNF:4
FNH:3
FNDA:1,(anonymous_0)
FNDA:1,(anonymous_1)
FNDA:1,(anonymous_2)
FNDA:0,(anonymous_3)
DA:9,1
DA:23,1
DA:28,1
DA:29,0
LF:4
LH:3
BRF:0
BRH:0
end_of_record
TN:
SF:src\components\profile\profileForm.js
FN:6,(anonymous_0)
FN:12,(anonymous_1)
FN:17,(anonymous_2)
FN:24,(anonymous_3)
FN:30,(anonymous_4)
FN:36,(anonymous_5)
FN:42,(anonymous_6)
FN:48,(anonymous_7)
FN:53,(anonymous_8)
FN:58,(anonymous_9)
FN:116,(anonymous_10)
FNF:11
FNH:9
FNDA:0,(anonymous_0)
FNDA:2,(anonymous_1)
FNDA:0,(anonymous_2)
FNDA:2,(anonymous_3)
FNDA:2,(anonymous_4)
FNDA:2,(anonymous_5)
FNDA:2,(anonymous_6)
FNDA:2,(anonymous_7)
FNDA:2,(anonymous_8)
FNDA:2,(anonymous_9)
FNDA:2,(anonymous_10)
DA:5,2
DA:6,2
DA:7,0
DA:8,0
DA:9,0
DA:10,0
DA:11,0
DA:13,2
DA:17,0
DA:24,2
DA:30,2
DA:36,2
DA:42,2
DA:48,2
DA:53,2
DA:58,2
DA:117,2
LF:17
LH:11
BRDA:8,0,0,0
BRDA:8,0,1,0
BRDA:8,1,0,0
BRDA:8,1,1,0
BRDA:8,1,2,0
BRDA:8,1,3,0
BRDA:8,1,4,0
BRDA:10,2,0,0
BRDA:10,2,1,0
BRF:9
BRH:0
end_of_record
TN:
SF:src\components\storage\initFetch.js
FN:2,initFetch
FN:8,(anonymous_1)
FN:9,(anonymous_2)
FN:39,(anonymous_3)
FN:40,(anonymous_4)
FN:41,(anonymous_5)
FN:42,(anonymous_6)
FN:49,checkExist
FN:51,(anonymous_8)
FNF:9
FNH:1
FNDA:4,initFetch
FNDA:0,(anonymous_1)
FNDA:0,(anonymous_2)
FNDA:0,(anonymous_3)
FNDA:0,(anonymous_4)
FNDA:0,(anonymous_5)
FNDA:0,(anonymous_6)
FNDA:0,checkExist
FNDA:0,(anonymous_8)
DA:3,4
DA:4,4
DA:5,4
DA:6,4
DA:7,4
DA:8,0
DA:10,0
DA:11,0
DA:12,0
DA:25,0
DA:27,0
DA:28,0
DA:33,0
DA:36,4
DA:38,4
DA:39,0
DA:41,0
DA:42,0
DA:46,0
DA:50,0
DA:51,0
DA:52,0
LF:22
LH:7
BRDA:6,0,0,4
BRDA:6,0,1,0
BRDA:36,1,0,4
BRDA:36,1,1,0
BRF:4
BRH:2
end_of_record
